{"timestamp": "2026-03-05T17:34:13.318023", "query": "去年6月增值税是多少?", "company_id": "91310115MA2KZZZZZZ", "path": "pipeline", "response_time": 32.775, "thinking_mode": "think", "response_mode": "detailed", "success": true}
{"timestamp": "2026-03-05T17:34:30.330908", "query": "去年6月增值税是多少?", "company_id": "91330200MA2KXXXXXX", "path": "l2", "response_time": 0.036, "thinking_mode": "quick", "response_mode": "detailed", "success": true}
{"timestamp": "2026-03-05T17:34:37.973191", "query": "去年6月增值税是多少?", "company_id": "91310000MA1FL8XQ30", "path": "l2", "response_time": 0.044, "thinking_mode": "quick", "response_mode": "detailed", "success": true}
{"timestamp": "2026-03-05T17:35:15.572817", "query": "去年6月增值税是多少?", "company_id": "91330200MA2KYYYYYY", "path": "pipeline", "response_time": 32.689, "thinking_mode": "quick", "response_mode": "detailed", "success": true}
{"timestamp": "2026-03-05T17:38:46.636427", "query": "去年6月增值税是多少?", "company_id": "91330100MA2KWWWWWW", "path": "l2", "response_time": 0.039, "thinking_mode": "quick", "response_mode": "detailed", "success": true}
{"timestamp": "2026-03-05T17:39:16.428054", "query": "去年6月增值税是多少?", "company_id": "91330100MA2KWWWWWW", "path": "l2", "response_time": 0.041, "thinking_mode": "think", "response_mode": "detailed", "success": true}
{"timestamp": "2026-03-05T17:39:21.268848", "query": "去年6月增值税是多少?", "company_id": "91330100MA2KWWWWWW", "path": "l2", "response_time": 0.026, "thinking_mode": "deep", "response_mode": "detailed", "success": true}
{"timestamp": "2026-03-05T17:40:01.712738", "query": "去年经营活动现金流是多少?", "company_id": "91330100MA2KWWWWWW", "path": "pipeline", "response_time": 21.364, "thinking_mode": "deep", "response_mode": "detailed", "success": true}
{"timestamp": "2026-03-05T17:40:24.939045", "query": "去年经营活动现金流是多少?", "company_id": "92440300MA5EQXL17P", "path": "l2", "response_time": 0.035, "thinking_mode": "quick", "response_mode": "detailed", "success": true}
{"timestamp": "2026-03-05T17:40:47.559218", "query": "去年经营活动现金流是多少?", "company_id": "91330200MA2KXXXXXX", "path": "l1", "response_time": 0.003, "thinking_mode": "quick", "response_mode": "detailed", "success": true}
{"timestamp": "2026-03-05T17:40:55.746534", "query": "去年经营活动现金流是多少?", "company_id": "91310000MA1FL8XQ30", "path": "l1", "response_time": 0.002, "thinking_mode": "quick", "response_mode": "detailed", "success": true}
{"timestamp": "2026-03-05T19:12:02.383233", "query": "去年经营活动现金流是多少?", "company_id": "91310115MA2KZZZZZZ", "path": "l1", "response_time": 0.115, "thinking_mode": "quick", "response_mode": "detailed", "success": true}
{"timestamp": "2026-03-05T19:12:44.669955", "query": "去年经营活动现金流是多少?", "company_id": "91330200MA2KXXXXXX", "path": "pipeline", "response_time": 31.847, "thinking_mode": "quick", "response_mode": "detailed", "success": true}
{"timestamp": "2026-03-05T19:12:59.265801", "query": "去年经营活动现金流是多少?", "company_id": "91330200MA2KXXXXXX", "path": "l1", "response_time": 0.014, "thinking_mode": "quick", "response_mode": "detailed", "success": true}
{"timestamp": "2026-03-05T19:13:19.468942", "query": "去年经营活动现金流是多少?", "company_id": "91330200MA2KXXXXXX", "path": "l1", "response_time": 0.017, "thinking_mode": "quick", "response_mode": "detailed", "success": true}
{"timestamp": "2026-03-05T19:13:29.417535", "query": "去年经营活动现金流是多少?", "company_id": "91310000MA1FL8XQ30", "path": "l1", "response_time": 0.003, "thinking_mode": "quick", "response_mode": "detailed", "success": true}
{"timestamp": "2026-03-05T19:13:40.878990", "query": "去年经营活动现金流是多少?", "company_id": "91330200MA2KYYYYYY", "path": "l1", "response_time": 0.002, "thinking_mode": "quick", "response_mode": "detailed", "success": true}
{"timestamp": "2026-03-05T19:14:00.688279", "query": "去年经营活动现金流是多少?", "company_id": "91330100MA2KWWWWWW", "path": "l2", "response_time": 0.017, "thinking_mode": "quick", "response_mode": "detailed", "success": true}
{"timestamp": "2026-03-05T19:14:22.813572", "query": "去年经营活动现金流是多少?", "company_id": "91330200MA2KXXXXXX", "path": "l2", "response_time": 0.033, "thinking_mode": "quick", "response_mode": "detailed", "success": true}
{"timestamp": "2026-03-05T19:14:31.969348", "query": "去年经营活动现金流是多少?", "company_id": "91310115MA2KZZZZZZ", "path": "l2", "response_time": 0.031, "thinking_mode": "quick", "response_mode": "detailed", "success": true}
{"timestamp": "2026-03-05T19:15:12.192885", "query": "去年经营活动现金流是多少?", "company_id": "91310115MA2KZZZZZZ", "path": "l2", "response_time": 0.034, "thinking_mode": "quick", "response_mode": "detailed", "success": true}
{"timestamp": "2026-03-05T19:15:27.312537", "query": "去年经营活动现金流是多少?", "company_id": "91310115MA2KZZZZZZ", "path": "l2", "response_time": 0.037, "thinking_mode": "think", "response_mode": "detailed", "success": true}
{"timestamp": "2026-03-05T19:15:55.057163", "query": "去年经营活动现金流是多少?", "company_id": "91310115MA2KZZZZZZ", "path": "pipeline", "response_time": 21.538, "thinking_mode": "deep", "response_mode": "detailed", "success": true}
{"timestamp": "2026-03-05T19:16:05.918624", "query": "去年经营活动现金流是多少?", "company_id": "91330200MA2KXXXXXX", "path": "l2", "response_time": 0.042, "thinking_mode": "quick", "response_mode": "detailed", "success": true}
{"timestamp": "2026-03-05T22:59:35.797313", "query": "去年6月增值税是多少?", "company_id": "91310115MA2KZZZZZZ", "path": "pipeline", "response_time": 32.913, "thinking_mode": "think", "response_mode": "detailed", "success": true}
{"timestamp": "2026-03-05T22:59:59.004210", "query": "去年6月增值税是多少?", "company_id": "91330200MA2KXXXXXX", "path": "l2", "response_time": 0.041, "thinking_mode": "quick", "response_mode": "detailed", "success": true}
{"timestamp": "2026-03-05T23:16:54.371714", "query": "去年6月增值税是多少?", "company_id": "91330200MA2KXXXXXX", "path": "l2", "response_time": 0.055, "thinking_mode": "quick", "response_mode": "detailed", "success": true}
{"timestamp": "2026-03-05T23:19:08.913841", "query": "去年6月增值税是多少?", "company_id": "91310115MA2KZZZZZZ", "path": "l1", "response_time": 0.004, "thinking_mode": "quick", "response_mode": "detailed", "success": true}
{"timestamp": "2026-03-05T23:20:20.437365", "query": "去年6月增值税是多少?", "company_id": "91330200MA2KXXXXXX", "path": "pipeline", "response_time": 32.935, "thinking_mode": "quick", "response_mode": "detailed", "success": true}
{"timestamp": "2026-03-05T23:21:03.704775", "query": "去年6月增值税是多少?", "company_id": "91310000MA1FL8XQ30", "path": "l2", "response_time": 0.045, "thinking_mode": "quick", "response_mode": "detailed", "success": true}
{"timestamp": "2026-03-05T23:21:47.455756", "query": "去年6月增值税是多少?", "company_id": "91330200MA2KYYYYYY", "path": "pipeline", "response_time": 33.611, "thinking_mode": "quick", "response_mode": "detailed", "success": true}
{"timestamp": "2026-03-05T23:26:12.294703", "query": "去年6月增值税是多少?", "company_id": "91330200MA2KXXXXXX", "path": "l1", "response_time": 0.021, "thinking_mode": "quick", "response_mode": "detailed", "success": true}
{"timestamp": "2026-03-05T23:26:30.508509", "query": "去年6月增值税是多少?", "company_id": "91310000MA1FL8XQ30", "path": "l2", "response_time": 0.036, "thinking_mode": "quick", "response_mode": "detailed", "success": true}
{"timestamp": "2026-03-05T23:27:12.910541", "query": "去年6月增值税是多少?", "company_id": "91310000MA1FL8XQ30", "path": "pipeline", "response_time": 32.527, "thinking_mode": "deep", "response_mode": "detailed", "success": true}
{"timestamp": "2026-03-06T10:23:31.603760", "query": "去年6月增值税是多少?", "company_id": "91310115MA2KZZZZZZ", "path": "pipeline", "response_time": 26.221, "thinking_mode": "quick", "response_mode": "detailed", "success": true}
{"timestamp": "2026-03-06T10:24:51.527785", "query": "去年6月增值税是多少?", "company_id": "91330200MA2KXXXXXX", "path": "l2", "response_time": 0.042, "thinking_mode": "quick", "response_mode": "detailed", "success": true}
{"timestamp": "2026-03-06T10:42:04.488809", "query": "去年6月增值税是多少?", "company_id": "91310115MA2KZZZZZZ", "path": "pipeline", "response_time": 26.315, "thinking_mode": "quick", "response_mode": "detailed", "success": true}
{"timestamp": "2026-03-06T10:42:38.141559", "query": "去年6月增值税是多少?", "company_id": "91330200MA2KXXXXXX", "path": "l2", "response_time": 0.043, "thinking_mode": "quick", "response_mode": "detailed", "success": true}
{"timestamp": "2026-03-06T10:42:59.139568", "query": "去年6月增值税是多少?", "company_id": "91310000MA1FL8XQ30", "path": "l2", "response_time": 0.043, "thinking_mode": "quick", "response_mode": "detailed", "success": true}
{"timestamp": "2026-03-06T10:43:44.467327", "query": "去年6月增值税是多少?", "company_id": "91330200MA2KYYYYYY", "path": "pipeline", "response_time": 27.927, "thinking_mode": "quick", "response_mode": "detailed", "success": true}
{"timestamp": "2026-03-06T11:15:40.018291", "query": "去年6月增值税是多少?", "company_id": "91310115MA2KZZZZZZ", "path": "pipeline", "response_time": 28.973, "thinking_mode": "quick", "response_mode": "detailed", "success": true}
{"timestamp": "2026-03-06T11:25:01.346429", "query": "去年6月增值税是多少?", "company_id": "91330200MA2KXXXXXX", "path": "l2", "response_time": 0.048, "thinking_mode": "quick", "response_mode": "detailed", "success": true}
{"timestamp": "2026-03-06T11:25:13.191898", "query": "去年6月增值税是多少?", "company_id": "91310000MA1FL8XQ30", "path": "l2", "response_time": 0.043, "thinking_mode": "quick", "response_mode": "detailed", "success": true}
{"timestamp": "2026-03-06T11:25:54.181875", "query": "去年6月增值税是多少?", "company_id": "91330200MA2KYYYYYY", "path": "pipeline", "response_time": 26.324, "thinking_mode": "quick", "response_mode": "detailed", "success": true}
{"timestamp": "2026-03-06T11:28:01.983119", "query": "去年6月增值税是多少?", "company_id": "91330200MA2KYYYYYY", "path": "pipeline", "response_time": 27.479, "thinking_mode": "quick", "response_mode": "detailed", "success": true}
{"timestamp": "2026-03-06T11:28:39.276159", "query": "去年6月增值税是多少?", "company_id": "92440300MA5EQXL17P", "path": "l2", "response_time": 0.04, "thinking_mode": "quick", "response_mode": "detailed", "success": true}
{"timestamp": "2026-03-06T11:29:21.513360", "query": "去年6月增值税是多少?", "company_id": "92440300MA5EQXL17P", "path": "pipeline", "response_time": 26.241, "thinking_mode": "quick", "response_mode": "detailed", "success": true}
{"timestamp": "2026-03-06T11:46:10.407698", "query": "去年6月增值税是多少?", "company_id": "91310115MA2KZZZZZZ", "path": "pipeline", "response_time": 25.426, "thinking_mode": "think", "response_mode": "detailed", "success": true}
{"timestamp": "2026-03-06T11:47:06.245690", "query": "去年6月增值税是多少?", "company_id": "92440300MA5EQXL17P", "path": "pipeline", "response_time": 25.352, "thinking_mode": "think", "response_mode": "detailed", "success": true}
{"timestamp": "2026-03-06T11:49:07.475077", "query": "去年6月增值税是多少?", "company_id": "91310115MA2KZZZZZZ", "path": "pipeline", "response_time": 25.873, "thinking_mode": "quick", "response_mode": "detailed", "success": true}
{"timestamp": "2026-03-06T11:49:49.902742", "query": "去年6月增值税是多少?", "company_id": "92440300MA5EQXL17P", "path": "pipeline", "response_time": 25.912, "thinking_mode": "quick", "response_mode": "detailed", "success": true}
{"timestamp": "2026-03-06T12:04:27.905255", "query": "2024年4季度与2025一季度、2025二季度流动资产构成分析", "company_id": "91310115MA2KZZZZZZ", "path": "pipeline", "response_time": 47.495, "thinking_mode": "quick", "response_mode": "detailed", "success": true}
{"timestamp": "2026-03-06T12:04:49.702514", "query": "2024年4季度与2025一季度、2025二季度流动资产构成分析", "company_id": "91330200MA2KXXXXXX", "path": "l2", "response_time": 0.056, "thinking_mode": "quick", "response_mode": "detailed", "success": true}
{"timestamp": "2026-03-06T12:06:29.849454", "query": "2024年4季度与2025一季度、2025二季度流动资产构成分析", "company_id": "92440300MA5EQXL17P", "path": "pipeline", "response_time": 32.691, "thinking_mode": "quick", "response_mode": "detailed", "success": true}
{"timestamp": "2026-03-06T12:07:26.148051", "query": "2024年4季度与2025一季度、2025二季度流动资产构成分析", "company_id": "91330200MA2KYYYYYY", "path": "l2", "response_time": 0.046, "thinking_mode": "quick", "response_mode": "detailed", "success": true}
{"timestamp": "2026-03-06T12:08:08.934129", "query": "2024年4季度与2025一季度、2025二季度流动资产构成分析", "company_id": "91330200MA2KYYYYYY", "path": "pipeline", "response_time": 30.466, "thinking_mode": "deep", "response_mode": "detailed", "success": true}
{"timestamp": "2026-03-06T15:36:12.484032", "query": "2024年4季度与2025一季度流动资产构成分析", "company_id": "91310115MA2KZZZZZZ", "path": "pipeline", "response_time": 47.733, "thinking_mode": "quick", "response_mode": "detailed", "success": true}
{"timestamp": "2026-03-06T15:36:36.951713", "query": "2024年4季度与2025一季度流动资产构成分析", "company_id": "91330200MA2KXXXXXX", "path": "l2", "response_time": 0.068, "thinking_mode": "quick", "response_mode": "detailed", "success": true}
{"timestamp": "2026-03-06T15:37:04.604787", "query": "2024年4季度与2025一季度流动资产构成分析", "company_id": "92440300MA5EQXL17P", "path": "l2_adapted", "response_time": 0.055, "thinking_mode": "quick", "response_mode": "detailed", "success": true}
{"timestamp": "2026-03-06T15:37:34.888089", "query": "2024年4季度与2025一季度流动资产构成分析", "company_id": "91310000MA1FL8XQ30", "path": "l2", "response_time": 0.049, "thinking_mode": "quick", "response_mode": "detailed", "success": true}
{"timestamp": "2026-03-06T15:38:11.859871", "query": "2024年4季度与2025一季度流动资产构成分析", "company_id": "91330200MA2KYYYYYY", "path": "l2", "response_time": 0.041, "thinking_mode": "quick", "response_mode": "detailed", "success": true}
{"timestamp": "2026-03-06T15:40:44.019434", "query": "2024年4季度与2025一季度流动资产构成分析", "company_id": "91330200MA2KYYYYYY", "path": "pipeline", "response_time": 41.047, "thinking_mode": "deep", "response_mode": "detailed", "success": true}
{"timestamp": "2026-03-06T15:59:33.973915", "query": "2024年4季度与2025一季度流动资产构成分析", "company_id": "91310115MA2KZZZZZZ", "path": "l1", "response_time": 0.074, "thinking_mode": "quick", "response_mode": "detailed", "success": true}
{"timestamp": "2026-03-06T15:59:51.900894", "query": "2024年4季度与2025一季度流动资产构成分析", "company_id": "91330200MA2KXXXXXX", "path": "l2", "response_time": 0.042, "thinking_mode": "quick", "response_mode": "detailed", "success": true}
{"timestamp": "2026-03-06T16:00:28.876396", "query": "2024年4季度与2025一季度流动资产构成分析", "company_id": "91330200MA2KYYYYYY", "path": "l1", "response_time": 0.003, "thinking_mode": "quick", "response_mode": "detailed", "success": true}
{"timestamp": "2026-03-06T16:00:40.089312", "query": "2024年4季度与2025一季度流动资产构成分析", "company_id": "92440300MA5EQXL17P", "path": "l2", "response_time": 0.024, "thinking_mode": "quick", "response_mode": "detailed", "success": true}
{"timestamp": "2026-03-06T16:01:02.422826", "query": "2024年4季度与2025一季度流动资产构成分析", "company_id": "91330100MA2KWWWWWW", "path": "l2", "response_time": 0.049, "thinking_mode": "quick", "response_mode": "detailed", "success": true}
{"timestamp": "2026-03-06T16:02:25.092558", "query": "去年6月增值税是多少?", "company_id": "91310115MA2KZZZZZZ", "path": "pipeline", "response_time": 32.069, "thinking_mode": "quick", "response_mode": "detailed", "success": true}
{"timestamp": "2026-03-06T16:02:37.964972", "query": "去年6月增值税是多少?", "company_id": "91330200MA2KXXXXXX", "path": "l2", "response_time": 0.038, "thinking_mode": "quick", "response_mode": "detailed", "success": true}
{"timestamp": "2026-03-06T16:02:51.311781", "query": "去年6月增值税是多少?", "company_id": "91310000MA1FL8XQ30", "path": "l2", "response_time": 0.031, "thinking_mode": "quick", "response_mode": "detailed", "success": true}
{"timestamp": "2026-03-06T16:03:40.060278", "query": "去年6月增值税是多少?", "company_id": "91330200MA2KYYYYYY", "path": "pipeline", "response_time": 33.345, "thinking_mode": "quick", "response_mode": "detailed", "success": true}
{"timestamp": "2026-03-06T16:04:04.527682", "query": "去年6月增值税是多少?", "company_id": "92440300MA5EQXL17P", "path": "l2", "response_time": 0.042, "thinking_mode": "quick", "response_mode": "detailed", "success": true}
{"timestamp": "2026-03-06T16:04:23.984735", "query": "去年6月增值税是多少?", "company_id": "91330100MA2KWWWWWW", "path": "l2", "response_time": 0.059, "thinking_mode": "quick", "response_mode": "detailed", "success": true}
{"timestamp": "2026-03-06T16:10:28.080791", "query": "小微企业优惠需要申请吗", "company_id": "91330100MA2KWWWWWW", "path": "pipeline", "response_time": 28.614, "thinking_mode": "quick", "response_mode": "detailed", "success": true}
{"timestamp": "2026-03-06T16:11:36.415220", "query": "加计扣除政策有哪些", "company_id": "91330100MA2KWWWWWW", "path": "pipeline", "response_time": 66.362, "thinking_mode": "quick", "response_mode": "detailed", "success": true}
{"timestamp": "2026-03-06T16:12:12.194613", "query": "本年经营活动现金流是多少?", "company_id": "91310115MA2KZZZZZZ", "path": "pipeline", "response_time": 31.389, "thinking_mode": "quick", "response_mode": "detailed", "success": true}
{"timestamp": "2026-03-06T16:14:32.792138", "query": "查询2025年第4季度应纳税所得额、实际缴纳的企业所得税额、利润总额、所得税税负率分析", "company_id": "91310115MA2KZZZZZZ", "path": "pipeline", "response_time": 47.686, "thinking_mode": "quick", "response_mode": "detailed", "success": true}
{"timestamp": "2026-03-06T16:17:44.195356", "query": "本年经营活动现金流是多少?", "company_id": "91330200MA2KXXXXXX", "path": "l2", "response_time": 0.039, "thinking_mode": "quick", "response_mode": "detailed", "success": true}
{"timestamp": "2026-03-06T16:25:27.432103", "query": "查询2025年第4季度应纳税所得额、实际缴纳的企业所得税额、利润总额、所得税税负率分析", "company_id": "91310000MA1FL8XQ30", "path": "pipeline", "response_time": 57.192, "thinking_mode": "quick", "response_mode": "detailed", "success": true}
{"timestamp": "2026-03-06T16:27:09.754341", "query": "查询2025年第4季度应纳税所得额、实际缴纳的企业所得税额、利润总额、所得税税负率", "company_id": "91310115MA2KZZZZZZ", "path": "pipeline", "response_time": 43.593, "thinking_mode": "quick", "response_mode": "detailed", "success": true}
{"timestamp": "2026-03-06T17:17:45.933336", "query": "本年经营活动现金流是多少?", "company_id": "91310115MA2KZZZZZZ", "path": "l1", "response_time": 0.259, "thinking_mode": "quick", "response_mode": "detailed", "success": true}
{"timestamp": "2026-03-06T17:18:44.024838", "query": "本年经营活动现金流是多少?", "company_id": "91310115MA2KZZZZZZ", "path": "pipeline", "response_time": 30.083, "thinking_mode": "quick", "response_mode": "detailed", "success": true}
{"timestamp": "2026-03-06T17:41:13.426900", "query": "去年经营活动现金流是多少?", "company_id": "91310115MA2KZZZZZZ", "path": "pipeline", "response_time": 22.068, "thinking_mode": "quick", "response_mode": "detailed", "success": true}
{"timestamp": "2026-03-06T17:42:45.867194", "query": "2025年第4季度应纳税所得额、实际缴纳的企业所得税额、利润总额、所得税税负率", "company_id": "91310115MA2KZZZZZZ", "path": "pipeline", "response_time": 72.096, "thinking_mode": "quick", "response_mode": "detailed", "success": true}
{"timestamp": "2026-03-06T19:29:16.470956", "query": "2025年第4季度应纳税所得额、实际缴纳的企业所得税额、利润总额、所得税税负率", "company_id": "91310115MA2KZZZZZZ", "path": "pipeline", "response_time": 87.271, "thinking_mode": "quick", "response_mode": "detailed", "success": true}
{"timestamp": "2026-03-06T19:32:24.473698", "query": "2025年第4季度应纳税所得额、实际缴纳的企业所得税额、利润总额、所得税税负率", "company_id": "91310115MA2KZZZZZZ", "path": "l1", "response_time": 0.026, "thinking_mode": "quick", "response_mode": "detailed", "success": true}
{"timestamp": "2026-03-06T19:34:47.122045", "query": "2025年第4季度应纳税所得额、实际缴纳所得税额、利润总额、所得税税负率", "company_id": "91310115MA2KZZZZZZ", "path": "pipeline", "response_time": 70.527, "thinking_mode": "quick", "response_mode": "detailed", "success": true}
{"timestamp": "2026-03-06T19:51:33.620035", "query": "2025年增值税纳税额、企业所得税纳税额、利润总额、所得税税负率、增值税税负率", "company_id": "91310115MA2KZZZZZZ", "path": "pipeline", "response_time": 17.896, "thinking_mode": "quick", "response_mode": "detailed", "success": true}
{"timestamp": "2026-03-06T19:59:13.203428", "query": "2025年一季度发票销售额", "company_id": "91310115MA2KZZZZZZ", "path": "pipeline", "response_time": 40.372, "thinking_mode": "quick", "response_mode": "detailed", "success": true}
{"timestamp": "2026-03-06T20:01:24.829760", "query": "2025年采购发票价税合计金额", "company_id": "91310115MA2KZZZZZZ", "path": "pipeline", "response_time": 20.993, "thinking_mode": "quick", "response_mode": "detailed", "success": true}
{"timestamp": "2026-03-06T20:02:53.754221", "query": "查询去年12月31日科目余额表中货币资金的期末余额", "company_id": "91310115MA2KZZZZZZ", "path": "pipeline", "response_time": 23.193, "thinking_mode": "quick", "response_mode": "detailed", "success": true}
{"timestamp": "2026-03-06T20:04:33.724234", "query": "查询去年12月利润表中营收、成本和净利润", "company_id": "91310115MA2KZZZZZZ", "path": "pipeline", "response_time": 26.337, "thinking_mode": "quick", "response_mode": "detailed", "success": true}
{"timestamp": "2026-03-06T23:21:03.429536", "query": "去年经营活动现金流是多少?", "company_id": "91310115MA2KZZZZZZ", "path": "pipeline", "response_time": 28.946, "thinking_mode": "quick", "response_mode": "detailed", "success": true}
{"timestamp": "2026-03-06T23:22:10.486212", "query": "去年经营活动现金流是多少?", "company_id": "91330200MA2KXXXXXX", "path": "pipeline", "response_time": 26.856, "thinking_mode": "quick", "response_mode": "detailed", "success": true}
{"timestamp": "2026-03-06T23:23:41.447824", "query": "去年经营活动现金流是多少?", "company_id": "91310115MA2KZZZZZZ", "path": "l1", "response_time": 0.03, "thinking_mode": "quick", "response_mode": "detailed", "success": true}
{"timestamp": "2026-03-06T23:23:47.651385", "query": "去年经营活动现金流是多少?", "company_id": "91310115MA2KZZZZZZ", "path": "l1", "response_time": 0.017, "thinking_mode": "think", "response_mode": "detailed", "success": true}
{"timestamp": "2026-03-06T23:24:30.882088", "query": "去年经营活动现金流是多少?", "company_id": "92440300MA5EQXL17P", "path": "pipeline", "response_time": 26.367, "thinking_mode": "think", "response_mode": "detailed", "success": true}
{"timestamp": "2026-03-06T23:25:05.663680", "query": "查询去年12月利润表中营收、成本和净利润", "company_id": "91310115MA2KZZZZZZ", "path": "l1", "response_time": 0.005, "thinking_mode": "quick", "response_mode": "detailed", "success": true}
{"timestamp": "2026-03-06T23:25:18.701954", "query": "2025年一季度发票销售额", "company_id": "91310115MA2KZZZZZZ", "path": "l1", "response_time": 0.006, "thinking_mode": "quick", "response_mode": "detailed", "success": true}
{"timestamp": "2026-03-06T23:26:06.065731", "query": "查询去年12月利润表中营收、成本和净利润", "company_id": "91310115MA2KZZZZZZ", "path": "pipeline", "response_time": 27.102, "thinking_mode": "deep", "response_mode": "detailed", "success": true}
{"timestamp": "2026-03-06T23:27:12.212311", "query": "2025年增值税纳税额、企业所得税纳税额、利润总额、所得税税负率、增值税税负率", "company_id": "91310115MA2KZZZZZZ", "path": "pipeline", "response_time": 18.27, "thinking_mode": "deep", "response_mode": "detailed", "success": true}
{"timestamp": "2026-03-06T23:30:43.355358", "query": "利润总额为 67.03万，不是67.03亿，企业所得税纳税额 178.35万，不是亿，后者是前者的 2.66倍。计算出的所得税税负率8.5%，没有远超25%法定税率下的理论值啊！你是怎么解读的。", "company_id": "91310115MA2KZZZZZZ", "path": "pipeline", "response_time": 56.499, "thinking_mode": "deep", "response_mode": "detailed", "success": true}
{"timestamp": "2026-03-06T23:33:21.660500", "query": "我公司2024、2025年研发支持情况如何", "company_id": "91310115MA2KZZZZZZ", "path": "pipeline", "response_time": 37.535, "thinking_mode": "deep", "response_mode": "detailed", "success": true}
{"timestamp": "2026-03-07T11:28:21.138977", "query": "去年经营活动现金流是多少?", "company_id": "91330200MA2KYYYYYY", "path": "pipeline", "response_time": 22.622, "thinking_mode": "quick", "response_mode": "detailed", "success": true}
{"timestamp": "2026-03-07T11:41:26.451580", "query": "TSE科技有限公司去年年底的银行存款余额还有多少？", "company_id": "91310115MA2KZZZZZZ", "path": "pipeline", "response_time": 22.063, "thinking_mode": "quick", "response_mode": "detailed", "success": true}
{"timestamp": "2026-03-07T11:41:49.851061", "query": "TSE科技有限公司今年每个月末的现金余额变化情况", "company_id": "91310115MA2KZZZZZZ", "path": "pipeline", "response_time": 20.816, "thinking_mode": "quick", "response_mode": "detailed", "success": true}
{"timestamp": "2026-03-07T11:42:11.331338", "query": "TSE科技有限公司今年3月底的应收账款有多少？", "company_id": "91310115MA2KZZZZZZ", "path": "pipeline", "response_time": 18.92, "thinking_mode": "quick", "response_mode": "detailed", "success": true}
{"timestamp": "2026-03-07T11:42:33.929792", "query": "TSE科技有限公司上个月的净利润是多少？", "company_id": "91310115MA2KZZZZZZ", "path": "pipeline", "response_time": 20.005, "thinking_mode": "quick", "response_mode": "detailed", "success": true}
{"timestamp": "2026-03-07T11:42:57.352642", "query": "TSE科技有限公司去年12月的销项税", "company_id": "91310115MA2KZZZZZZ", "path": "pipeline", "response_time": 20.838, "thinking_mode": "quick", "response_mode": "detailed", "success": true}
{"timestamp": "2026-03-07T11:43:19.994388", "query": "大华智能制造厂去年年底的银行存款余额还有多少？", "company_id": "91330200MA2KYYYYYY", "path": "pipeline", "response_time": 20.055, "thinking_mode": "quick", "response_mode": "detailed", "success": true}
{"timestamp": "2026-03-07T11:43:42.279572", "query": "大华智能制造厂今年3月底的应收账款有多少？", "company_id": "91330200MA2KYYYYYY", "path": "pipeline", "response_time": 19.711, "thinking_mode": "quick", "response_mode": "detailed", "success": true}
{"timestamp": "2026-03-07T11:44:04.837533", "query": "大华智能制造厂上个月的净利润是多少？", "company_id": "91330200MA2KYYYYYY", "path": "pipeline", "response_time": 19.972, "thinking_mode": "quick", "response_mode": "detailed", "success": true}
{"timestamp": "2026-03-07T11:44:34.694730", "query": "TSE科技有限公司去年年底的银行存款余额还有多少？", "company_id": "91310115MA2KZZZZZZ", "path": "l1", "response_time": 0.246, "thinking_mode": "quick", "response_mode": "detailed", "success": true}
{"timestamp": "2026-03-07T11:44:37.288543", "query": "TSE科技有限公司今年每个月末的现金余额变化情况", "company_id": "91310115MA2KZZZZZZ", "path": "l1", "response_time": 0.005, "thinking_mode": "quick", "response_mode": "detailed", "success": true}
{"timestamp": "2026-03-07T11:44:39.865078", "query": "TSE科技有限公司今年3月底的应收账款有多少？", "company_id": "91310115MA2KZZZZZZ", "path": "l1", "response_time": 0.003, "thinking_mode": "quick", "response_mode": "detailed", "success": true}
{"timestamp": "2026-03-07T11:44:42.435936", "query": "TSE科技有限公司上个月的净利润是多少？", "company_id": "91310115MA2KZZZZZZ", "path": "l1", "response_time": 0.005, "thinking_mode": "quick", "response_mode": "detailed", "success": true}
{"timestamp": "2026-03-07T11:44:45.036828", "query": "TSE科技有限公司去年12月的销项税", "company_id": "91310115MA2KZZZZZZ", "path": "l1", "response_time": 0.008, "thinking_mode": "quick", "response_mode": "detailed", "success": true}
{"timestamp": "2026-03-07T11:44:47.603174", "query": "大华智能制造厂去年年底的银行存款余额还有多少？", "company_id": "91330200MA2KYYYYYY", "path": "l1", "response_time": 0.002, "thinking_mode": "quick", "response_mode": "detailed", "success": true}
{"timestamp": "2026-03-07T11:44:50.191708", "query": "大华智能制造厂今年3月底的应收账款有多少？", "company_id": "91330200MA2KYYYYYY", "path": "l1", "response_time": 0.005, "thinking_mode": "quick", "response_mode": "detailed", "success": true}
{"timestamp": "2026-03-07T11:44:52.764350", "query": "大华智能制造厂上个月的净利润是多少？", "company_id": "91330200MA2KYYYYYY", "path": "l1", "response_time": 0.004, "thinking_mode": "quick", "response_mode": "detailed", "success": true}
{"timestamp": "2026-03-07T11:46:09.091560", "query": "TSE科技有限公司去年年底的银行存款余额还有多少？", "company_id": "91310115MA2KZZZZZZ", "path": "l1", "response_time": 0.49, "thinking_mode": "quick", "response_mode": "detailed", "success": true}
{"timestamp": "2026-03-07T11:46:11.455686", "query": "TSE科技有限公司今年每个月末的现金余额变化情况", "company_id": "91310115MA2KZZZZZZ", "path": "l1", "response_time": 0.005, "thinking_mode": "quick", "response_mode": "detailed", "success": true}
{"timestamp": "2026-03-07T11:46:37.329993", "query": "TSE科技有限公司去年第一季度各月管理费用和财务费用的发生额", "company_id": "91310115MA2KZZZZZZ", "path": "pipeline", "response_time": 23.485, "thinking_mode": "quick", "response_mode": "detailed", "success": true}
{"timestamp": "2026-03-07T11:46:39.674388", "query": "TSE科技有限公司今年3月底的应收账款有多少？", "company_id": "91310115MA2KZZZZZZ", "path": "l1", "response_time": 0.004, "thinking_mode": "quick", "response_mode": "detailed", "success": true}
{"timestamp": "2026-03-07T11:47:03.140888", "query": "TSE科技有限公司去年每个季度末的短期借款是多少？", "company_id": "91310115MA2KZZZZZZ", "path": "pipeline", "response_time": 21.083, "thinking_mode": "quick", "response_mode": "detailed", "success": true}
{"timestamp": "2026-03-07T11:47:26.025648", "query": "TSE科技有限公司近两年每年末的总资产和总负债", "company_id": "91310115MA2KZZZZZZ", "path": "pipeline", "response_time": 20.494, "thinking_mode": "quick", "response_mode": "detailed", "success": true}
{"timestamp": "2026-03-07T11:47:28.426333", "query": "TSE科技有限公司上个月的净利润是多少？", "company_id": "91310115MA2KZZZZZZ", "path": "l1", "response_time": 0.004, "thinking_mode": "quick", "response_mode": "detailed", "success": true}
{"timestamp": "2026-03-07T11:47:51.790453", "query": "TSE科技有限公司去年各季度的营业收入", "company_id": "91310115MA2KZZZZZZ", "path": "pipeline", "response_time": 20.967, "thinking_mode": "quick", "response_mode": "detailed", "success": true}
{"timestamp": "2026-03-07T11:48:16.222407", "query": "TSE科技有限公司今年上半年的营业收入、营业成本和销售费用", "company_id": "91310115MA2KZZZZZZ", "path": "pipeline", "response_time": 22.055, "thinking_mode": "quick", "response_mode": "detailed", "success": true}
{"timestamp": "2026-03-07T11:48:39.143017", "query": "TSE科技有限公司今年5月的经营现金流净额", "company_id": "91310115MA2KZZZZZZ", "path": "pipeline", "response_time": 20.558, "thinking_mode": "quick", "response_mode": "detailed", "success": true}
{"timestamp": "2026-03-07T11:48:56.704751", "query": "TSE科技有限公司去年每个月的投资活动现金流出", "company_id": "91310115MA2KZZZZZZ", "path": "pipeline", "response_time": 15.198, "thinking_mode": "quick", "response_mode": "detailed", "success": true}
{"timestamp": "2026-03-07T11:49:21.348834", "query": "TSE科技有限公司今年第一季度各月的经营流入和经营流出", "company_id": "91310115MA2KZZZZZZ", "path": "pipeline", "response_time": 22.249, "thinking_mode": "quick", "response_mode": "detailed", "success": true}
{"timestamp": "2026-03-07T11:49:23.745846", "query": "TSE科技有限公司去年12月的销项税", "company_id": "91310115MA2KZZZZZZ", "path": "l1", "response_time": 0.003, "thinking_mode": "quick", "response_mode": "detailed", "success": true}
{"timestamp": "2026-03-07T11:49:55.034574", "query": "TSE科技有限公司今年各季度的应交增值税", "company_id": "91310115MA2KZZZZZZ", "path": "pipeline", "response_time": 28.897, "thinking_mode": "quick", "response_mode": "detailed", "success": true}
{"timestamp": "2026-03-07T11:50:28.679004", "query": "TSE科技有限公司去年每月增值税申报的销售额、销项税和进项税", "company_id": "91310115MA2KZZZZZZ", "path": "pipeline", "response_time": 31.261, "thinking_mode": "quick", "response_mode": "detailed", "success": true}
{"timestamp": "2026-03-07T11:50:44.984672", "query": "TSE科技有限公司2023年汇算清缴的应纳税所得额", "company_id": "91310115MA2KZZZZZZ", "path": "pipeline", "response_time": 13.914, "thinking_mode": "quick", "response_mode": "detailed", "success": true}
{"timestamp": "2026-03-07T11:51:08.187105", "query": "TSE科技有限公司去年每个季度预缴的所得税", "company_id": "91310115MA2KZZZZZZ", "path": "pipeline", "response_time": 20.773, "thinking_mode": "quick", "response_mode": "detailed", "success": true}
{"timestamp": "2026-03-07T11:51:30.930378", "query": "TSE科技有限公司2023年各季度申报的营业收入、营业成本和利润总额", "company_id": "91310115MA2KZZZZZZ", "path": "pipeline", "response_time": 20.374, "thinking_mode": "quick", "response_mode": "detailed", "success": true}
{"timestamp": "2026-03-07T11:51:55.557191", "query": "TSE科技有限公司去年12月采购发票的进项税总额", "company_id": "91310115MA2KZZZZZZ", "path": "pipeline", "response_time": 22.246, "thinking_mode": "quick", "response_mode": "detailed", "success": true}
{"timestamp": "2026-03-07T11:52:18.032040", "query": "TSE科技有限公司今年每个月的采购金额（不含税）", "company_id": "91310115MA2KZZZZZZ", "path": "pipeline", "response_time": 20.085, "thinking_mode": "quick", "response_mode": "detailed", "success": true}
{"timestamp": "2026-03-07T11:52:42.954315", "query": "TSE科技有限公司去年各季度采购发票的金额和税额", "company_id": "91310115MA2KZZZZZZ", "path": "pipeline", "response_time": 22.55, "thinking_mode": "quick", "response_mode": "detailed", "success": true}
{"timestamp": "2026-03-07T11:53:17.136011", "query": "TSE科技有限公司上个月销售发票的总销售额（不含税）", "company_id": "91310115MA2KZZZZZZ", "path": "pipeline", "response_time": 31.81, "thinking_mode": "quick", "response_mode": "detailed", "success": true}
{"timestamp": "2026-03-07T11:53:40.594883", "query": "TSE科技有限公司去年各月的销项税", "company_id": "91310115MA2KZZZZZZ", "path": "pipeline", "response_time": 21.055, "thinking_mode": "quick", "response_mode": "detailed", "success": true}
{"timestamp": "2026-03-07T11:54:03.166545", "query": "TSE科技有限公司今年第一季度各月销售发票的金额和税额", "company_id": "91310115MA2KZZZZZZ", "path": "pipeline", "response_time": 20.179, "thinking_mode": "quick", "response_mode": "detailed", "success": true}
{"timestamp": "2026-03-07T11:54:27.961579", "query": "TSE科技有限公司去年年底的资产负债率是多少？", "company_id": "91310115MA2KZZZZZZ", "path": "pipeline", "response_time": 22.417, "thinking_mode": "quick", "response_mode": "detailed", "success": true}
{"timestamp": "2026-03-07T11:55:03.530597", "query": "TSE科技有限公司今年每月的增值税税负率走势", "company_id": "91310115MA2KZZZZZZ", "path": "pipeline", "response_time": 33.217, "thinking_mode": "quick", "response_mode": "detailed", "success": true}
{"timestamp": "2026-03-07T11:55:28.614314", "query": "TSE科技有限公司去年各季度的销售收现比和应收账款周转率", "company_id": "91310115MA2KZZZZZZ", "path": "pipeline", "response_time": 22.674, "thinking_mode": "quick", "response_mode": "detailed", "success": true}
{"timestamp": "2026-03-07T11:55:51.589825", "query": "TSE科技有限公司上个月进项税和销项税的比例是多少？", "company_id": "91310115MA2KZZZZZZ", "path": "pipeline", "response_time": 20.597, "thinking_mode": "quick", "response_mode": "detailed", "success": true}
{"timestamp": "2026-03-07T11:56:09.414100", "query": "TSE科技有限公司今年一季度的所得税费用占利润总额的比重？", "company_id": "91310115MA2KZZZZZZ", "path": "pipeline", "response_time": 15.445, "thinking_mode": "quick", "response_mode": "detailed", "success": true}
{"timestamp": "2026-03-07T11:56:47.493480", "query": "TSE科技有限公司今年3月底的银行存款余额相当于当月营业收入的几倍？", "company_id": "91310115MA2KZZZZZZ", "path": "pipeline", "response_time": 35.656, "thinking_mode": "quick", "response_mode": "detailed", "success": true}
{"timestamp": "2026-03-07T11:57:11.501696", "query": "TSE科技有限公司上个月销项税占营业收入的比例？", "company_id": "91310115MA2KZZZZZZ", "path": "pipeline", "response_time": 21.644, "thinking_mode": "quick", "response_mode": "detailed", "success": true}
{"timestamp": "2026-03-07T11:57:24.647536", "query": "TSE科技有限公司去年年底的银行存款余额还有多少？", "company_id": "91310115MA2KZZZZZZ", "path": "l1", "response_time": 0.005, "thinking_mode": "quick", "response_mode": "detailed", "success": true}
{"timestamp": "2026-03-07T11:57:27.036719", "query": "TSE科技有限公司今年每个月末的现金余额变化情况", "company_id": "91310115MA2KZZZZZZ", "path": "l1", "response_time": 0.007, "thinking_mode": "quick", "response_mode": "detailed", "success": true}
{"timestamp": "2026-03-07T11:57:29.457938", "query": "TSE科技有限公司去年第一季度各月管理费用和财务费用的发生额", "company_id": "91310115MA2KZZZZZZ", "path": "l1", "response_time": 0.006, "thinking_mode": "quick", "response_mode": "detailed", "success": true}
{"timestamp": "2026-03-07T11:57:31.834474", "query": "TSE科技有限公司今年3月底的应收账款有多少？", "company_id": "91310115MA2KZZZZZZ", "path": "l1", "response_time": 0.004, "thinking_mode": "quick", "response_mode": "detailed", "success": true}
{"timestamp": "2026-03-07T11:57:34.228467", "query": "TSE科技有限公司去年每个季度末的短期借款是多少？", "company_id": "91310115MA2KZZZZZZ", "path": "l1", "response_time": 0.007, "thinking_mode": "quick", "response_mode": "detailed", "success": true}
{"timestamp": "2026-03-07T11:57:35.996752", "query": "TSE科技有限公司去年全年所得税费用与经营现金流净额的比率？", "company_id": "91310115MA2KZZZZZZ", "path": "pipeline", "response_time": 22.099, "thinking_mode": "quick", "response_mode": "detailed", "success": true}
{"timestamp": "2026-03-07T11:57:36.613213", "query": "TSE科技有限公司近两年每年末的总资产和总负债", "company_id": "91310115MA2KZZZZZZ", "path": "l1", "response_time": 0.006, "thinking_mode": "quick", "response_mode": "detailed", "success": true}
{"timestamp": "2026-03-07T11:57:39.010761", "query": "TSE科技有限公司上个月的净利润是多少？", "company_id": "91310115MA2KZZZZZZ", "path": "l1", "response_time": 0.008, "thinking_mode": "quick", "response_mode": "detailed", "success": true}
{"timestamp": "2026-03-07T11:57:41.378255", "query": "TSE科技有限公司去年各季度的营业收入", "company_id": "91310115MA2KZZZZZZ", "path": "l1", "response_time": 0.005, "thinking_mode": "quick", "response_mode": "detailed", "success": true}
{"timestamp": "2026-03-07T11:57:43.778790", "query": "TSE科技有限公司今年上半年的营业收入、营业成本和销售费用", "company_id": "91310115MA2KZZZZZZ", "path": "l1", "response_time": 0.005, "thinking_mode": "quick", "response_mode": "detailed", "success": true}
{"timestamp": "2026-03-07T11:57:46.153615", "query": "TSE科技有限公司今年5月的经营现金流净额", "company_id": "91310115MA2KZZZZZZ", "path": "l1", "response_time": 0.004, "thinking_mode": "quick", "response_mode": "detailed", "success": true}
{"timestamp": "2026-03-07T11:57:48.541435", "query": "TSE科技有限公司去年每个月的投资活动现金流出", "company_id": "91310115MA2KZZZZZZ", "path": "l1", "response_time": 0.008, "thinking_mode": "quick", "response_mode": "detailed", "success": true}
{"timestamp": "2026-03-07T11:57:50.920443", "query": "TSE科技有限公司今年第一季度各月的经营流入和经营流出", "company_id": "91310115MA2KZZZZZZ", "path": "l1", "response_time": 0.005, "thinking_mode": "quick", "response_mode": "detailed", "success": true}
{"timestamp": "2026-03-07T11:57:53.324200", "query": "TSE科技有限公司去年12月的销项税", "company_id": "91310115MA2KZZZZZZ", "path": "l1", "response_time": 0.004, "thinking_mode": "quick", "response_mode": "detailed", "success": true}
{"timestamp": "2026-03-07T11:57:55.693463", "query": "TSE科技有限公司今年各季度的应交增值税", "company_id": "91310115MA2KZZZZZZ", "path": "l1", "response_time": 0.006, "thinking_mode": "quick", "response_mode": "detailed", "success": true}
{"timestamp": "2026-03-07T11:57:58.074413", "query": "TSE科技有限公司去年每月增值税申报的销售额、销项税和进项税", "company_id": "91310115MA2KZZZZZZ", "path": "l1", "response_time": 0.011, "thinking_mode": "quick", "response_mode": "detailed", "success": true}
{"timestamp": "2026-03-07T11:58:00.434858", "query": "TSE科技有限公司2023年汇算清缴的应纳税所得额", "company_id": "91310115MA2KZZZZZZ", "path": "l1", "response_time": 0.003, "thinking_mode": "quick", "response_mode": "detailed", "success": true}
{"timestamp": "2026-03-07T11:58:02.828534", "query": "TSE科技有限公司去年每个季度预缴的所得税", "company_id": "91310115MA2KZZZZZZ", "path": "l1", "response_time": 0.005, "thinking_mode": "quick", "response_mode": "detailed", "success": true}
{"timestamp": "2026-03-07T11:58:05.235772", "query": "TSE科技有限公司2023年各季度申报的营业收入、营业成本和利润总额", "company_id": "91310115MA2KZZZZZZ", "path": "l1", "response_time": 0.007, "thinking_mode": "quick", "response_mode": "detailed", "success": true}
{"timestamp": "2026-03-07T11:58:07.627216", "query": "TSE科技有限公司去年12月采购发票的进项税总额", "company_id": "91310115MA2KZZZZZZ", "path": "l1", "response_time": 0.003, "thinking_mode": "quick", "response_mode": "detailed", "success": true}
{"timestamp": "2026-03-07T11:58:10.034620", "query": "TSE科技有限公司今年每个月的采购金额（不含税）", "company_id": "91310115MA2KZZZZZZ", "path": "l1", "response_time": 0.003, "thinking_mode": "quick", "response_mode": "detailed", "success": true}
{"timestamp": "2026-03-07T11:58:12.426609", "query": "TSE科技有限公司去年各季度采购发票的金额和税额", "company_id": "91310115MA2KZZZZZZ", "path": "l1", "response_time": 0.005, "thinking_mode": "quick", "response_mode": "detailed", "success": true}
{"timestamp": "2026-03-07T11:58:14.808404", "query": "TSE科技有限公司上个月销售发票的总销售额（不含税）", "company_id": "91310115MA2KZZZZZZ", "path": "l1", "response_time": 0.004, "thinking_mode": "quick", "response_mode": "detailed", "success": true}
{"timestamp": "2026-03-07T11:58:17.171094", "query": "TSE科技有限公司去年各月的销项税", "company_id": "91310115MA2KZZZZZZ", "path": "l1", "response_time": 0.004, "thinking_mode": "quick", "response_mode": "detailed", "success": true}
{"timestamp": "2026-03-07T11:58:19.548212", "query": "TSE科技有限公司今年第一季度各月销售发票的金额和税额", "company_id": "91310115MA2KZZZZZZ", "path": "l1", "response_time": 0.004, "thinking_mode": "quick", "response_mode": "detailed", "success": true}
{"timestamp": "2026-03-07T11:58:21.926108", "query": "TSE科技有限公司去年年底的资产负债率是多少？", "company_id": "91310115MA2KZZZZZZ", "path": "l1", "response_time": 0.005, "thinking_mode": "quick", "response_mode": "detailed", "success": true}
{"timestamp": "2026-03-07T11:58:24.330902", "query": "TSE科技有限公司今年每月的增值税税负率走势", "company_id": "91310115MA2KZZZZZZ", "path": "l1", "response_time": 0.038, "thinking_mode": "quick", "response_mode": "detailed", "success": true}
{"timestamp": "2026-03-07T11:58:26.722785", "query": "TSE科技有限公司去年各季度的销售收现比和应收账款周转率", "company_id": "91310115MA2KZZZZZZ", "path": "l1", "response_time": 0.019, "thinking_mode": "quick", "response_mode": "detailed", "success": true}
{"timestamp": "2026-03-07T11:58:29.133964", "query": "TSE科技有限公司上个月进项税和销项税的比例是多少？", "company_id": "91310115MA2KZZZZZZ", "path": "l1", "response_time": 0.023, "thinking_mode": "quick", "response_mode": "detailed", "success": true}
{"timestamp": "2026-03-07T11:58:31.544206", "query": "TSE科技有限公司今年一季度的所得税费用占利润总额的比重？", "company_id": "91310115MA2KZZZZZZ", "path": "l1", "response_time": 0.02, "thinking_mode": "quick", "response_mode": "detailed", "success": true}
{"timestamp": "2026-03-07T11:58:33.953018", "query": "TSE科技有限公司今年3月底的银行存款余额相当于当月营业收入的几倍？", "company_id": "91310115MA2KZZZZZZ", "path": "l1", "response_time": 0.026, "thinking_mode": "quick", "response_mode": "detailed", "success": true}
{"timestamp": "2026-03-07T11:58:36.343347", "query": "TSE科技有限公司上个月销项税占营业收入的比例？", "company_id": "91310115MA2KZZZZZZ", "path": "l1", "response_time": 0.018, "thinking_mode": "quick", "response_mode": "detailed", "success": true}
{"timestamp": "2026-03-07T11:58:37.645680", "query": "TSE科技有限公司去年12月的（销项税额 - 进项税额）与应纳税额的比值？", "company_id": "91310115MA2KZZZZZZ", "path": "pipeline", "response_time": 59.277, "thinking_mode": "quick", "response_mode": "detailed", "success": true}
{"timestamp": "2026-03-07T11:58:38.747165", "query": "TSE科技有限公司去年全年所得税费用与经营现金流净额的比率？", "company_id": "91310115MA2KZZZZZZ", "path": "l1", "response_time": 0.02, "thinking_mode": "quick", "response_mode": "detailed", "success": true}
{"timestamp": "2026-03-07T11:58:41.108310", "query": "TSE科技有限公司去年12月的（销项税额 - 进项税额）与应纳税额的比值？", "company_id": "91310115MA2KZZZZZZ", "path": "l1", "response_time": 0.017, "thinking_mode": "quick", "response_mode": "detailed", "success": true}
{"timestamp": "2026-03-07T11:59:03.699903", "query": "TSE科技有限公司今年5月的销售收现、营业收入和应收账款余额的比值？", "company_id": "91310115MA2KZZZZZZ", "path": "pipeline", "response_time": 20.228, "thinking_mode": "quick", "response_mode": "detailed", "success": true}
{"timestamp": "2026-03-07T11:59:16.268606", "query": "TSE科技有限公司今年5月的销售收现、营业收入和应收账款余额的比值？", "company_id": "91310115MA2KZZZZZZ", "path": "pipeline", "response_time": 36.24, "thinking_mode": "quick", "response_mode": "detailed", "success": true}
{"timestamp": "2026-03-07T11:59:45.442470", "query": "TSE科技有限公司25年第四季度的采购金额、销售金额、存货增加额和经营现金流出的关系？", "company_id": "91310115MA2KZZZZZZ", "path": "pipeline", "response_time": 39.345, "thinking_mode": "quick", "response_mode": "detailed", "success": true}
{"timestamp": "2026-03-07T12:00:08.977701", "query": "TSE科技有限公司25年第四季度的采购金额、销售金额、存货增加额和经营现金流出的关系？", "company_id": "91310115MA2KZZZZZZ", "path": "pipeline", "response_time": 50.322, "thinking_mode": "quick", "response_mode": "detailed", "success": true}
{"timestamp": "2026-03-07T12:00:47.295316", "query": "TSE科技有限公司去年12月的（银行存款余额 + 应收账款余额 - 短期借款余额）与（销项税额 + 进项税额）的比值？", "company_id": "91310115MA2KZZZZZZ", "path": "pipeline", "response_time": 59.484, "thinking_mode": "quick", "response_mode": "detailed", "success": true}
{"timestamp": "2026-03-07T12:01:04.281743", "query": "TSE科技有限公司去年12月的（银行存款余额 + 应收账款余额 - 短期借款余额）与（销项税额 + 进项税额）的比值？", "company_id": "91310115MA2KZZZZZZ", "path": "pipeline", "response_time": 52.905, "thinking_mode": "quick", "response_mode": "detailed", "success": true}
{"timestamp": "2026-03-07T12:01:46.761057", "query": "TSE科技有限公司2025全年的（所得税费用 + 增值税应纳税额）与利润总额的比值？", "company_id": "91310115MA2KZZZZZZ", "path": "pipeline", "response_time": 57.051, "thinking_mode": "quick", "response_mode": "detailed", "success": true}
{"timestamp": "2026-03-07T12:02:13.472731", "query": "TSE科技有限公司今年每月的进项税与销项税之比", "company_id": "91310115MA2KZZZZZZ", "path": "pipeline", "response_time": 24.308, "thinking_mode": "quick", "response_mode": "detailed", "success": true}
{"timestamp": "2026-03-07T12:02:32.847702", "query": "TSE科技有限公司今年每月的进项税与销项税之比", "company_id": "91310115MA2KZZZZZZ", "path": "pipeline", "response_time": 23.818, "thinking_mode": "quick", "response_mode": "detailed", "success": true}
{"timestamp": "2026-03-07T12:03:05.241060", "query": "TSE科技有限公司去年各季度所得税费用占利润总额的比例", "company_id": "91310115MA2KZZZZZZ", "path": "pipeline", "response_time": 29.994, "thinking_mode": "quick", "response_mode": "detailed", "success": true}
{"timestamp": "2026-03-07T12:03:25.668516", "query": "TSE科技有限公司今年每月末的银行存款余额占当月营业收入的比重", "company_id": "91310115MA2KZZZZZZ", "path": "pipeline", "response_time": 18.066, "thinking_mode": "quick", "response_mode": "detailed", "success": true}
{"timestamp": "2026-03-07T12:03:29.283805", "query": "TSE科技有限公司去年年底的银行存款余额还有多少？", "company_id": "91310115MA2KZZZZZZ", "path": "l1", "response_time": 0.006, "thinking_mode": "quick", "response_mode": "detailed", "success": true}
{"timestamp": "2026-03-07T12:03:31.573764", "query": "TSE科技有限公司今年每个月末的现金余额变化情况", "company_id": "91310115MA2KZZZZZZ", "path": "l1", "response_time": 0.005, "thinking_mode": "quick", "response_mode": "detailed", "success": true}
{"timestamp": "2026-03-07T12:03:33.834428", "query": "TSE科技有限公司去年第一季度各月管理费用和财务费用的发生额", "company_id": "91310115MA2KZZZZZZ", "path": "l1", "response_time": 0.005, "thinking_mode": "quick", "response_mode": "detailed", "success": true}
{"timestamp": "2026-03-07T12:03:36.125399", "query": "TSE科技有限公司今年3月底的应收账款有多少？", "company_id": "91310115MA2KZZZZZZ", "path": "l1", "response_time": 0.004, "thinking_mode": "quick", "response_mode": "detailed", "success": true}
{"timestamp": "2026-03-07T12:03:38.398713", "query": "TSE科技有限公司去年每个季度末的短期借款是多少？", "company_id": "91310115MA2KZZZZZZ", "path": "l1", "response_time": 0.006, "thinking_mode": "quick", "response_mode": "detailed", "success": true}
{"timestamp": "2026-03-07T12:03:40.721012", "query": "TSE科技有限公司近两年每年末的总资产和总负债", "company_id": "91310115MA2KZZZZZZ", "path": "l1", "response_time": 0.005, "thinking_mode": "quick", "response_mode": "detailed", "success": true}
{"timestamp": "2026-03-07T12:03:42.996863", "query": "TSE科技有限公司上个月的净利润是多少？", "company_id": "91310115MA2KZZZZZZ", "path": "l1", "response_time": 0.005, "thinking_mode": "quick", "response_mode": "detailed", "success": true}
{"timestamp": "2026-03-07T12:03:45.296813", "query": "TSE科技有限公司去年各季度的营业收入", "company_id": "91310115MA2KZZZZZZ", "path": "l1", "response_time": 0.007, "thinking_mode": "quick", "response_mode": "detailed", "success": true}
{"timestamp": "2026-03-07T12:03:46.758040", "query": "TSE科技有限公司今年每月销项税占营业收入的比例", "company_id": "91310115MA2KZZZZZZ", "path": "pipeline", "response_time": 18.731, "thinking_mode": "quick", "response_mode": "detailed", "success": true}
{"timestamp": "2026-03-07T12:03:47.594313", "query": "TSE科技有限公司今年上半年的营业收入、营业成本和销售费用", "company_id": "91310115MA2KZZZZZZ", "path": "l1", "response_time": 0.005, "thinking_mode": "quick", "response_mode": "detailed", "success": true}
{"timestamp": "2026-03-07T12:03:49.881374", "query": "TSE科技有限公司今年5月的经营现金流净额", "company_id": "91310115MA2KZZZZZZ", "path": "l1", "response_time": 0.004, "thinking_mode": "quick", "response_mode": "detailed", "success": true}
{"timestamp": "2026-03-07T12:03:52.159218", "query": "TSE科技有限公司去年每个月的投资活动现金流出", "company_id": "91310115MA2KZZZZZZ", "path": "l1", "response_time": 0.005, "thinking_mode": "quick", "response_mode": "detailed", "success": true}
{"timestamp": "2026-03-07T12:03:54.448730", "query": "TSE科技有限公司今年第一季度各月的经营流入和经营流出", "company_id": "91310115MA2KZZZZZZ", "path": "l1", "response_time": 0.004, "thinking_mode": "quick", "response_mode": "detailed", "success": true}
{"timestamp": "2026-03-07T12:03:56.718534", "query": "TSE科技有限公司去年12月的销项税", "company_id": "91310115MA2KZZZZZZ", "path": "l1", "response_time": 0.003, "thinking_mode": "quick", "response_mode": "detailed", "success": true}
{"timestamp": "2026-03-07T12:03:59.009577", "query": "TSE科技有限公司今年各季度的应交增值税", "company_id": "91310115MA2KZZZZZZ", "path": "l1", "response_time": 0.004, "thinking_mode": "quick", "response_mode": "detailed", "success": true}
{"timestamp": "2026-03-07T12:04:01.289500", "query": "TSE科技有限公司去年每月增值税申报的销售额、销项税和进项税", "company_id": "91310115MA2KZZZZZZ", "path": "l1", "response_time": 0.006, "thinking_mode": "quick", "response_mode": "detailed", "success": true}
{"timestamp": "2026-03-07T12:04:03.577857", "query": "TSE科技有限公司2023年汇算清缴的应纳税所得额", "company_id": "91310115MA2KZZZZZZ", "path": "l1", "response_time": 0.003, "thinking_mode": "quick", "response_mode": "detailed", "success": true}
{"timestamp": "2026-03-07T12:04:05.865932", "query": "TSE科技有限公司去年每个季度预缴的所得税", "company_id": "91310115MA2KZZZZZZ", "path": "l1", "response_time": 0.006, "thinking_mode": "quick", "response_mode": "detailed", "success": true}
{"timestamp": "2026-03-07T12:04:06.542144", "query": "TSE科技有限公司去年各月所得税费用与经营现金流净额的比率", "company_id": "91310115MA2KZZZZZZ", "path": "pipeline", "response_time": 17.414, "thinking_mode": "quick", "response_mode": "detailed", "success": true}
{"timestamp": "2026-03-07T12:04:08.159072", "query": "TSE科技有限公司2023年各季度申报的营业收入、营业成本和利润总额", "company_id": "91310115MA2KZZZZZZ", "path": "l1", "response_time": 0.004, "thinking_mode": "quick", "response_mode": "detailed", "success": true}
{"timestamp": "2026-03-07T12:04:10.432103", "query": "TSE科技有限公司去年12月采购发票的进项税总额", "company_id": "91310115MA2KZZZZZZ", "path": "l1", "response_time": 0.003, "thinking_mode": "quick", "response_mode": "detailed", "success": true}
{"timestamp": "2026-03-07T12:04:12.684252", "query": "TSE科技有限公司今年每个月的采购金额（不含税）", "company_id": "91310115MA2KZZZZZZ", "path": "l1", "response_time": 0.004, "thinking_mode": "quick", "response_mode": "detailed", "success": true}
{"timestamp": "2026-03-07T12:04:14.965671", "query": "TSE科技有限公司去年各季度采购发票的金额和税额", "company_id": "91310115MA2KZZZZZZ", "path": "l1", "response_time": 0.007, "thinking_mode": "quick", "response_mode": "detailed", "success": true}
{"timestamp": "2026-03-07T12:04:17.240324", "query": "TSE科技有限公司上个月销售发票的总销售额（不含税）", "company_id": "91310115MA2KZZZZZZ", "path": "l1", "response_time": 0.004, "thinking_mode": "quick", "response_mode": "detailed", "success": true}
{"timestamp": "2026-03-07T12:04:19.524917", "query": "TSE科技有限公司去年各月的销项税", "company_id": "91310115MA2KZZZZZZ", "path": "l1", "response_time": 0.006, "thinking_mode": "quick", "response_mode": "detailed", "success": true}
{"timestamp": "2026-03-07T12:04:21.817313", "query": "TSE科技有限公司今年第一季度各月销售发票的金额和税额", "company_id": "91310115MA2KZZZZZZ", "path": "l1", "response_time": 0.004, "thinking_mode": "quick", "response_mode": "detailed", "success": true}
{"timestamp": "2026-03-07T12:04:24.119067", "query": "TSE科技有限公司去年年底的资产负债率是多少？", "company_id": "91310115MA2KZZZZZZ", "path": "l1", "response_time": 0.006, "thinking_mode": "quick", "response_mode": "detailed", "success": true}
{"timestamp": "2026-03-07T12:04:26.390830", "query": "TSE科技有限公司今年每月的增值税税负率走势", "company_id": "91310115MA2KZZZZZZ", "path": "l1", "response_time": 0.016, "thinking_mode": "quick", "response_mode": "detailed", "success": true}
{"timestamp": "2026-03-07T12:04:28.685095", "query": "TSE科技有限公司去年各季度的销售收现比和应收账款周转率", "company_id": "91310115MA2KZZZZZZ", "path": "l1", "response_time": 0.004, "thinking_mode": "quick", "response_mode": "detailed", "success": true}
{"timestamp": "2026-03-07T12:04:30.999308", "query": "TSE科技有限公司上个月进项税和销项税的比例是多少？", "company_id": "91310115MA2KZZZZZZ", "path": "l1", "response_time": 0.005, "thinking_mode": "quick", "response_mode": "detailed", "success": true}
{"timestamp": "2026-03-07T12:04:33.306279", "query": "TSE科技有限公司今年一季度的所得税费用占利润总额的比重？", "company_id": "91310115MA2KZZZZZZ", "path": "l1", "response_time": 0.014, "thinking_mode": "quick", "response_mode": "detailed", "success": true}
{"timestamp": "2026-03-07T12:04:35.579978", "query": "TSE科技有限公司今年3月底的银行存款余额相当于当月营业收入的几倍？", "company_id": "91310115MA2KZZZZZZ", "path": "l1", "response_time": 0.007, "thinking_mode": "quick", "response_mode": "detailed", "success": true}
{"timestamp": "2026-03-07T12:04:37.869358", "query": "TSE科技有限公司今年每月的进项税与销项税之比", "company_id": "91310115MA2KZZZZZZ", "path": "l1", "response_time": 0.005, "thinking_mode": "quick", "response_mode": "detailed", "success": true}
{"timestamp": "2026-03-07T12:04:40.188914", "query": "TSE科技有限公司去年各季度所得税费用占利润总额的比例", "company_id": "91310115MA2KZZZZZZ", "path": "l1", "response_time": 0.009, "thinking_mode": "quick", "response_mode": "detailed", "success": true}
{"timestamp": "2026-03-07T12:05:08.750479", "query": "TSE科技有限公司23-25年营业收入、销项税和经营现金流净额", "company_id": "91310115MA2KZZZZZZ", "path": "pipeline", "response_time": 26.296, "thinking_mode": "quick", "response_mode": "detailed", "success": true}
{"timestamp": "2026-03-07T12:05:35.203022", "query": "TSE科技有限公司今年各季度总资产、总负债和净利润情况", "company_id": "91310115MA2KZZZZZZ", "path": "pipeline", "response_time": 24.124, "thinking_mode": "quick", "response_mode": "detailed", "success": true}
{"timestamp": "2026-03-07T12:05:50.453327", "query": "TSE科技有限公司今年各月的销售收现、营业收入和应收账款余额的比值", "company_id": "91310115MA2KZZZZZZ", "path": "pipeline", "response_time": 39.122, "thinking_mode": "quick", "response_mode": "detailed", "success": true}
{"timestamp": "2026-03-07T12:06:28.651640", "query": "TSE科技有限公司去年每月采购发票金额、销售发票金额和营业成本", "company_id": "91310115MA2KZZZZZZ", "path": "pipeline", "response_time": 51.131, "thinking_mode": "quick", "response_mode": "detailed", "success": true}
{"timestamp": "2026-03-07T12:06:46.987567", "query": "TSE科技有限公司去年各季度的采购金额、销售金额、存货增加额和经营现金流出的关系", "company_id": "91310115MA2KZZZZZZ", "path": "pipeline", "response_time": 54.146, "thinking_mode": "quick", "response_mode": "detailed", "success": true}
{"timestamp": "2026-03-07T12:06:53.719732", "query": "TSE科技有限公司今年每月银行存款余额、应收账款余额和短期借款余额", "company_id": "91310115MA2KZZZZZZ", "path": "pipeline", "response_time": 22.776, "thinking_mode": "quick", "response_mode": "detailed", "success": true}
{"timestamp": "2026-03-07T12:07:06.254662", "query": "TSE科技有限公司今年各月的（银行存款余额 + 应收账款余额 - 短期借款余额）与（销项税额 + 进项税额）的比值", "company_id": "91310115MA2KZZZZZZ", "path": "pipeline", "response_time": 16.881, "thinking_mode": "quick", "response_mode": "detailed", "success": true}
{"timestamp": "2026-03-07T12:07:25.554834", "query": "TSE科技有限公司去年各月的（所得税费用 + 增值税应纳税额）与利润总额的比值", "company_id": "91310115MA2KZZZZZZ", "path": "pipeline", "response_time": 16.903, "thinking_mode": "quick", "response_mode": "detailed", "success": true}
{"timestamp": "2026-03-07T12:07:28.015664", "query": "TSE科技有限公司23-25年营业收入、销项税和经营现金流净额", "company_id": "91310115MA2KZZZZZZ", "path": "l1", "response_time": 0.054, "thinking_mode": "quick", "response_mode": "detailed", "success": true}
{"timestamp": "2026-03-07T12:07:30.433663", "query": "TSE科技有限公司今年各季度总资产、总负债和净利润情况", "company_id": "91310115MA2KZZZZZZ", "path": "l1", "response_time": 0.033, "thinking_mode": "quick", "response_mode": "detailed", "success": true}
{"timestamp": "2026-03-07T12:07:32.845172", "query": "TSE科技有限公司去年每月采购发票金额、销售发票金额和营业成本", "company_id": "91310115MA2KZZZZZZ", "path": "l1", "response_time": 0.024, "thinking_mode": "quick", "response_mode": "detailed", "success": true}
{"timestamp": "2026-03-07T12:07:35.244613", "query": "TSE科技有限公司今年每月银行存款余额、应收账款余额和短期借款余额", "company_id": "91310115MA2KZZZZZZ", "path": "l1", "response_time": 0.017, "thinking_mode": "quick", "response_mode": "detailed", "success": true}
{"timestamp": "2026-03-07T12:07:46.697269", "query": "TSE科技有限公司去年各季度应纳所得税额、利润总额和支付的各项税费", "company_id": "91310115MA2KZZZZZZ", "path": "pipeline", "response_time": 50.716, "thinking_mode": "quick", "response_mode": "detailed", "success": true}
{"timestamp": "2026-03-07T12:08:05.999544", "query": "TSE科技有限公司2023-25年毛利率、资产负债率和营业收入", "company_id": "91310115MA2KZZZZZZ", "path": "pipeline", "response_time": 17.022, "thinking_mode": "quick", "response_mode": "detailed", "success": true}
{"timestamp": "2026-03-07T12:08:31.141255", "query": "TSE科技有限公司去年各季度应纳所得税额、利润总额和支付的各项税费", "company_id": "91310115MA2KZZZZZZ", "path": "pipeline", "response_time": 53.53, "thinking_mode": "quick", "response_mode": "detailed", "success": true}
{"timestamp": "2026-03-07T12:08:33.557856", "query": "TSE科技有限公司2023-25年毛利率、资产负债率和营业收入", "company_id": "91310115MA2KZZZZZZ", "path": "l1", "response_time": 0.022, "thinking_mode": "quick", "response_mode": "detailed", "success": true}
{"timestamp": "2026-03-07T12:08:48.455223", "query": "TSE科技有限公司去年每月销售收现、营业收入和应收账款余额", "company_id": "91310115MA2KZZZZZZ", "path": "pipeline", "response_time": 40.202, "thinking_mode": "quick", "response_mode": "detailed", "success": true}
{"timestamp": "2026-03-07T12:09:25.210856", "query": "TSE科技有限公司去年每月销售收现、营业收入和应收账款余额", "company_id": "91310115MA2KZZZZZZ", "path": "pipeline", "response_time": 49.282, "thinking_mode": "quick", "response_mode": "detailed", "success": true}
{"timestamp": "2026-03-07T12:09:48.803128", "query": "TSE科技有限公司今年各月进项税额、销项税额和应交增值税", "company_id": "91310115MA2KZZZZZZ", "path": "pipeline", "response_time": 58.066, "thinking_mode": "quick", "response_mode": "detailed", "success": true}
{"timestamp": "2026-03-07T12:10:26.007350", "query": "TSE科技有限公司今年各月进项税额、销项税额和应交增值税", "company_id": "91310115MA2KZZZZZZ", "path": "pipeline", "response_time": 58.41, "thinking_mode": "quick", "response_mode": "detailed", "success": true}
{"timestamp": "2026-03-07T12:10:39.159112", "query": "TSE科技有限公司去年各月的营业收入、净利润、经营活动现金流净额、资产总计、销项税额、应纳所得税额", "company_id": "91310115MA2KZZZZZZ", "path": "pipeline", "response_time": 48.059, "thinking_mode": "quick", "response_mode": "detailed", "success": true}
{"timestamp": "2026-03-07T12:11:12.532672", "query": "TSE科技有限公司去年各月的营业收入、净利润、经营活动现金流净额、资产总计、销项税额、应纳所得税额", "company_id": "91310115MA2KZZZZZZ", "path": "pipeline", "response_time": 44.105, "thinking_mode": "quick", "response_mode": "detailed", "success": true}
{"timestamp": "2026-03-07T12:11:28.432874", "query": "TSE科技有限公司今年各季度的营业收入、营业成本、利润总额、所得税费用、经营活动现金流净额、投资活动现金流净额、资产总计、负债合计、应交增值税、进项税额", "company_id": "91310115MA2KZZZZZZ", "path": "pipeline", "response_time": 46.983, "thinking_mode": "quick", "response_mode": "detailed", "success": true}
{"timestamp": "2026-03-07T12:11:30.718651", "query": "大华智能制造厂去年年底的银行存款余额还有多少？", "company_id": "91330200MA2KYYYYYY", "path": "l1", "response_time": 0.006, "thinking_mode": "quick", "response_mode": "detailed", "success": true}
{"timestamp": "2026-03-07T12:11:55.968386", "query": "大华智能制造厂今年每个月末的现金余额变化情况", "company_id": "91330200MA2KYYYYYY", "path": "pipeline", "response_time": 22.98, "thinking_mode": "quick", "response_mode": "detailed", "success": true}
{"timestamp": "2026-03-07T12:12:06.577838", "query": "TSE科技有限公司今年各季度的营业收入、营业成本、利润总额、所得税费用、经营活动现金流净额、投资活动现金流净额、资产总计、负债合计、应交增值税、进项税额", "company_id": "91310115MA2KZZZZZZ", "path": "pipeline", "response_time": 51.657, "thinking_mode": "quick", "response_mode": "detailed", "success": true}
{"timestamp": "2026-03-07T12:12:08.992145", "query": "大华智能制造厂去年年底的银行存款余额还有多少？", "company_id": "91330200MA2KYYYYYY", "path": "l1", "response_time": 0.023, "thinking_mode": "quick", "response_mode": "detailed", "success": true}
{"timestamp": "2026-03-07T12:12:11.375964", "query": "大华智能制造厂今年每个月末的现金余额变化情况", "company_id": "91330200MA2KYYYYYY", "path": "l1", "response_time": 0.023, "thinking_mode": "quick", "response_mode": "detailed", "success": true}
{"timestamp": "2026-03-07T12:12:22.361192", "query": "大华智能制造厂去年第一季度各月管理费用和财务费用的发生额", "company_id": "91330200MA2KYYYYYY", "path": "pipeline", "response_time": 24.114, "thinking_mode": "quick", "response_mode": "detailed", "success": true}
{"timestamp": "2026-03-07T12:12:24.632026", "query": "大华智能制造厂今年3月底的应收账款有多少？", "company_id": "91330200MA2KYYYYYY", "path": "l1", "response_time": 0.005, "thinking_mode": "quick", "response_mode": "detailed", "success": true}
{"timestamp": "2026-03-07T12:12:38.004777", "query": "大华智能制造厂去年第一季度各月管理费用和财务费用的发生额", "company_id": "91330200MA2KYYYYYY", "path": "pipeline", "response_time": 24.258, "thinking_mode": "quick", "response_mode": "detailed", "success": true}
{"timestamp": "2026-03-07T12:12:40.415371", "query": "大华智能制造厂今年3月底的应收账款有多少？", "company_id": "91330200MA2KYYYYYY", "path": "l1", "response_time": 0.02, "thinking_mode": "quick", "response_mode": "detailed", "success": true}
{"timestamp": "2026-03-07T12:12:49.169037", "query": "大华智能制造厂去年每个季度末的短期借款是多少？", "company_id": "91330200MA2KYYYYYY", "path": "pipeline", "response_time": 22.242, "thinking_mode": "quick", "response_mode": "detailed", "success": true}
{"timestamp": "2026-03-07T12:13:05.300907", "query": "大华智能制造厂去年每个季度末的短期借款是多少？", "company_id": "91330200MA2KYYYYYY", "path": "pipeline", "response_time": 22.505, "thinking_mode": "quick", "response_mode": "detailed", "success": true}
{"timestamp": "2026-03-07T12:13:13.992722", "query": "大华智能制造厂近两年每年末的总资产和总负债", "company_id": "91330200MA2KYYYYYY", "path": "pipeline", "response_time": 22.529, "thinking_mode": "quick", "response_mode": "detailed", "success": true}
{"timestamp": "2026-03-07T12:13:16.284007", "query": "大华智能制造厂上个月的净利润是多少？", "company_id": "91330200MA2KYYYYYY", "path": "l1", "response_time": 0.004, "thinking_mode": "quick", "response_mode": "detailed", "success": true}
{"timestamp": "2026-03-07T12:13:30.698537", "query": "大华智能制造厂近两年每年末的总资产和总负债", "company_id": "91330200MA2KYYYYYY", "path": "pipeline", "response_time": 23.004, "thinking_mode": "quick", "response_mode": "detailed", "success": true}
{"timestamp": "2026-03-07T12:13:33.139057", "query": "大华智能制造厂上个月的净利润是多少？", "company_id": "91330200MA2KYYYYYY", "path": "l1", "response_time": 0.025, "thinking_mode": "quick", "response_mode": "detailed", "success": true}
{"timestamp": "2026-03-07T12:13:42.395380", "query": "大华智能制造厂去年各季度的营业收入", "company_id": "91330200MA2KYYYYYY", "path": "pipeline", "response_time": 23.822, "thinking_mode": "quick", "response_mode": "detailed", "success": true}
{"timestamp": "2026-03-07T12:13:59.922266", "query": "大华智能制造厂去年各季度的营业收入", "company_id": "91330200MA2KYYYYYY", "path": "pipeline", "response_time": 24.391, "thinking_mode": "quick", "response_mode": "detailed", "success": true}
{"timestamp": "2026-03-07T12:14:09.250986", "query": "大华智能制造厂今年上半年的营业收入、营业成本和销售费用", "company_id": "91330200MA2KYYYYYY", "path": "pipeline", "response_time": 24.584, "thinking_mode": "quick", "response_mode": "detailed", "success": true}
{"timestamp": "2026-03-07T12:14:26.910774", "query": "大华智能制造厂今年上半年的营业收入、营业成本和销售费用", "company_id": "91330200MA2KYYYYYY", "path": "pipeline", "response_time": 24.592, "thinking_mode": "quick", "response_mode": "detailed", "success": true}
{"timestamp": "2026-03-07T12:14:33.626683", "query": "大华智能制造厂今年5月的经营现金流净额", "company_id": "91330200MA2KYYYYYY", "path": "pipeline", "response_time": 22.129, "thinking_mode": "quick", "response_mode": "detailed", "success": true}
{"timestamp": "2026-03-07T12:14:51.114984", "query": "大华智能制造厂今年5月的经营现金流净额", "company_id": "91330200MA2KYYYYYY", "path": "pipeline", "response_time": 21.807, "thinking_mode": "quick", "response_mode": "detailed", "success": true}
{"timestamp": "2026-03-07T12:15:00.268833", "query": "大华智能制造厂去年每个月的投资活动现金流出", "company_id": "91330200MA2KYYYYYY", "path": "pipeline", "response_time": 24.365, "thinking_mode": "quick", "response_mode": "detailed", "success": true}
{"timestamp": "2026-03-07T12:15:17.979822", "query": "大华智能制造厂去年每个月的投资活动现金流出", "company_id": "91330200MA2KYYYYYY", "path": "pipeline", "response_time": 24.505, "thinking_mode": "quick", "response_mode": "detailed", "success": true}
{"timestamp": "2026-03-07T12:15:21.704299", "query": "大华智能制造厂今年第一季度各月的经营流入和经营流出", "company_id": "91330200MA2KYYYYYY", "path": "pipeline", "response_time": 19.135, "thinking_mode": "quick", "response_mode": "detailed", "success": true}
{"timestamp": "2026-03-07T12:15:45.946032", "query": "大华智能制造厂去年12月的销项税", "company_id": "91330200MA2KYYYYYY", "path": "pipeline", "response_time": 21.946, "thinking_mode": "quick", "response_mode": "detailed", "success": true}
{"timestamp": "2026-03-07T12:15:48.773063", "query": "大华智能制造厂今年第一季度各月的经营流入和经营流出", "company_id": "91330200MA2KYYYYYY", "path": "pipeline", "response_time": 28.418, "thinking_mode": "quick", "response_mode": "detailed", "success": true}
{"timestamp": "2026-03-07T12:15:51.173385", "query": "大华智能制造厂去年12月的销项税", "company_id": "91330200MA2KYYYYYY", "path": "l1", "response_time": 0.019, "thinking_mode": "quick", "response_mode": "detailed", "success": true}
{"timestamp": "2026-03-07T12:16:18.586012", "query": "大华智能制造厂今年各季度的应交增值税", "company_id": "91330200MA2KYYYYYY", "path": "pipeline", "response_time": 25.012, "thinking_mode": "quick", "response_mode": "detailed", "success": true}
{"timestamp": "2026-03-07T12:16:18.635497", "query": "大华智能制造厂今年各季度的应交增值税", "company_id": "91330200MA2KYYYYYY", "path": "pipeline", "response_time": 30.394, "thinking_mode": "quick", "response_mode": "detailed", "success": true}
{"timestamp": "2026-03-07T12:16:45.917130", "query": "大华智能制造厂去年每月增值税申报的销售额、销项税和进项税", "company_id": "91330200MA2KYYYYYY", "path": "pipeline", "response_time": 25.02, "thinking_mode": "quick", "response_mode": "detailed", "success": true}
{"timestamp": "2026-03-07T12:16:51.944045", "query": "大华智能制造厂去年每月增值税申报的销售额、销项税和进项税", "company_id": "91330200MA2KYYYYYY", "path": "pipeline", "response_time": 30.978, "thinking_mode": "quick", "response_mode": "detailed", "success": true}
{"timestamp": "2026-03-07T12:17:02.779941", "query": "大华智能制造厂2023年汇算清缴的应纳税所得额", "company_id": "91330200MA2KYYYYYY", "path": "pipeline", "response_time": 14.573, "thinking_mode": "quick", "response_mode": "detailed", "success": true}
{"timestamp": "2026-03-07T12:17:09.058655", "query": "大华智能制造厂2023年汇算清缴的应纳税所得额", "company_id": "91330200MA2KYYYYYY", "path": "pipeline", "response_time": 14.757, "thinking_mode": "quick", "response_mode": "detailed", "success": true}
{"timestamp": "2026-03-07T12:17:26.391444", "query": "大华智能制造厂去年每个季度预缴的所得税", "company_id": "91330200MA2KYYYYYY", "path": "pipeline", "response_time": 21.352, "thinking_mode": "quick", "response_mode": "detailed", "success": true}
{"timestamp": "2026-03-07T12:17:32.451888", "query": "大华智能制造厂去年每个季度预缴的所得税", "company_id": "91330200MA2KYYYYYY", "path": "pipeline", "response_time": 21.02, "thinking_mode": "quick", "response_mode": "detailed", "success": true}
{"timestamp": "2026-03-07T12:17:51.207743", "query": "大华智能制造厂2023年各季度申报的营业收入、营业成本和利润总额", "company_id": "91330200MA2KYYYYYY", "path": "pipeline", "response_time": 22.555, "thinking_mode": "quick", "response_mode": "detailed", "success": true}
{"timestamp": "2026-03-07T12:17:56.542652", "query": "大华智能制造厂2023年各季度申报的营业收入、营业成本和利润总额", "company_id": "91330200MA2KYYYYYY", "path": "pipeline", "response_time": 21.687, "thinking_mode": "quick", "response_mode": "detailed", "success": true}
{"timestamp": "2026-03-07T12:18:20.400798", "query": "大华智能制造厂去年12月采购发票的进项税总额", "company_id": "91330200MA2KYYYYYY", "path": "pipeline", "response_time": 26.89, "thinking_mode": "quick", "response_mode": "detailed", "success": true}
{"timestamp": "2026-03-07T12:18:24.989878", "query": "大华智能制造厂去年12月采购发票的进项税总额", "company_id": "91330200MA2KYYYYYY", "path": "pipeline", "response_time": 26.061, "thinking_mode": "quick", "response_mode": "detailed", "success": true}
{"timestamp": "2026-03-07T12:18:43.566931", "query": "大华智能制造厂今年每个月的采购金额（不含税）", "company_id": "91330200MA2KYYYYYY", "path": "pipeline", "response_time": 20.894, "thinking_mode": "quick", "response_mode": "detailed", "success": true}
{"timestamp": "2026-03-07T12:18:48.521316", "query": "大华智能制造厂今年每个月的采购金额（不含税）", "company_id": "91330200MA2KYYYYYY", "path": "pipeline", "response_time": 21.152, "thinking_mode": "quick", "response_mode": "detailed", "success": true}
{"timestamp": "2026-03-07T12:19:13.267691", "query": "大华智能制造厂去年各季度采购发票的金额和税额", "company_id": "91330200MA2KYYYYYY", "path": "pipeline", "response_time": 27.423, "thinking_mode": "quick", "response_mode": "detailed", "success": true}
{"timestamp": "2026-03-07T12:19:25.219646", "query": "大华智能制造厂去年各季度采购发票的金额和税额", "company_id": "91330200MA2KYYYYYY", "path": "pipeline", "response_time": 34.309, "thinking_mode": "quick", "response_mode": "detailed", "success": true}
{"timestamp": "2026-03-07T12:19:47.316675", "query": "大华智能制造厂上个月销售发票的总销售额（不含税）", "company_id": "91330200MA2KYYYYYY", "path": "pipeline", "response_time": 31.766, "thinking_mode": "quick", "response_mode": "detailed", "success": true}
{"timestamp": "2026-03-07T12:19:59.486341", "query": "大华智能制造厂上个月销售发票的总销售额（不含税）", "company_id": "91330200MA2KYYYYYY", "path": "pipeline", "response_time": 31.892, "thinking_mode": "quick", "response_mode": "detailed", "success": true}
{"timestamp": "2026-03-07T12:20:23.485713", "query": "大华智能制造厂去年各月的销项税", "company_id": "91330200MA2KYYYYYY", "path": "pipeline", "response_time": 21.579, "thinking_mode": "quick", "response_mode": "detailed", "success": true}
{"timestamp": "2026-03-07T12:20:30.832267", "query": "大华智能制造厂去年各月的销项税", "company_id": "91330200MA2KYYYYYY", "path": "pipeline", "response_time": 41.243, "thinking_mode": "quick", "response_mode": "detailed", "success": true}
{"timestamp": "2026-03-07T12:20:46.475432", "query": "大华智能制造厂今年第一季度各月销售发票的金额和税额", "company_id": "91330200MA2KYYYYYY", "path": "pipeline", "response_time": 20.609, "thinking_mode": "quick", "response_mode": "detailed", "success": true}
{"timestamp": "2026-03-07T12:20:54.180566", "query": "大华智能制造厂今年第一季度各月销售发票的金额和税额", "company_id": "91330200MA2KYYYYYY", "path": "pipeline", "response_time": 21.067, "thinking_mode": "quick", "response_mode": "detailed", "success": true}
{"timestamp": "2026-03-07T12:21:11.543568", "query": "大华智能制造厂去年年底的资产负债率是多少？", "company_id": "91330200MA2KYYYYYY", "path": "pipeline", "response_time": 22.679, "thinking_mode": "quick", "response_mode": "detailed", "success": true}
{"timestamp": "2026-03-07T12:21:18.257880", "query": "大华智能制造厂去年年底的资产负债率是多少？", "company_id": "91330200MA2KYYYYYY", "path": "pipeline", "response_time": 21.792, "thinking_mode": "quick", "response_mode": "detailed", "success": true}
{"timestamp": "2026-03-07T12:22:03.309011", "query": "大华智能制造厂今年每月的增值税税负率走势", "company_id": "91330200MA2KYYYYYY", "path": "pipeline", "response_time": 49.392, "thinking_mode": "quick", "response_mode": "detailed", "success": true}
{"timestamp": "2026-03-07T12:22:09.908496", "query": "大华智能制造厂今年每月的增值税税负率走势", "company_id": "91330200MA2KYYYYYY", "path": "pipeline", "response_time": 49.365, "thinking_mode": "quick", "response_mode": "detailed", "success": true}
{"timestamp": "2026-03-07T12:22:28.989564", "query": "大华智能制造厂去年各季度的销售收现比和应收账款周转率", "company_id": "91330200MA2KYYYYYY", "path": "pipeline", "response_time": 23.282, "thinking_mode": "quick", "response_mode": "detailed", "success": true}
{"timestamp": "2026-03-07T12:22:35.752114", "query": "大华智能制造厂去年各季度的销售收现比和应收账款周转率", "company_id": "91330200MA2KYYYYYY", "path": "pipeline", "response_time": 23.564, "thinking_mode": "quick", "response_mode": "detailed", "success": true}
{"timestamp": "2026-03-07T12:22:53.008604", "query": "大华智能制造厂上个月进项税和销项税的比例是多少？", "company_id": "91330200MA2KYYYYYY", "path": "pipeline", "response_time": 21.64, "thinking_mode": "quick", "response_mode": "detailed", "success": true}
{"timestamp": "2026-03-07T12:22:59.616795", "query": "大华智能制造厂上个月进项税和销项税的比例是多少？", "company_id": "91330200MA2KYYYYYY", "path": "pipeline", "response_time": 21.562, "thinking_mode": "quick", "response_mode": "detailed", "success": true}
{"timestamp": "2026-03-07T12:23:10.537524", "query": "大华智能制造厂今年一季度的所得税费用占利润总额的比重？", "company_id": "91330200MA2KYYYYYY", "path": "pipeline", "response_time": 15.112, "thinking_mode": "quick", "response_mode": "detailed", "success": true}
{"timestamp": "2026-03-07T12:23:17.129193", "query": "大华智能制造厂今年一季度的所得税费用占利润总额的比重？", "company_id": "91330200MA2KYYYYYY", "path": "pipeline", "response_time": 15.231, "thinking_mode": "quick", "response_mode": "detailed", "success": true}
{"timestamp": "2026-03-07T12:23:48.703966", "query": "大华智能制造厂今年3月底的银行存款余额相当于当月营业收入的几倍？", "company_id": "91330200MA2KYYYYYY", "path": "pipeline", "response_time": 35.772, "thinking_mode": "quick", "response_mode": "detailed", "success": true}
{"timestamp": "2026-03-07T12:23:55.732010", "query": "大华智能制造厂今年3月底的银行存款余额相当于当月营业收入的几倍？", "company_id": "91330200MA2KYYYYYY", "path": "pipeline", "response_time": 36.325, "thinking_mode": "quick", "response_mode": "detailed", "success": true}
{"timestamp": "2026-03-07T12:24:23.033942", "query": "大华智能制造厂今年每月的进项税与销项税之比", "company_id": "91330200MA2KYYYYYY", "path": "pipeline", "response_time": 25.024, "thinking_mode": "quick", "response_mode": "detailed", "success": true}
{"timestamp": "2026-03-07T12:24:43.016050", "query": "大华智能制造厂上个月销项税占营业收入的比例？", "company_id": "91330200MA2KYYYYYY", "path": "pipeline", "response_time": 51.901, "thinking_mode": "quick", "response_mode": "detailed", "success": true}
{"timestamp": "2026-03-07T12:24:53.018443", "query": "大华智能制造厂去年各季度所得税费用占利润总额的比例", "company_id": "91330200MA2KYYYYYY", "path": "pipeline", "response_time": 27.7, "thinking_mode": "quick", "response_mode": "detailed", "success": true}
{"timestamp": "2026-03-07T12:25:14.003489", "query": "大华智能制造厂去年全年所得税费用与经营现金流净额的比率？", "company_id": "91330200MA2KYYYYYY", "path": "pipeline", "response_time": 28.611, "thinking_mode": "quick", "response_mode": "detailed", "success": true}
{"timestamp": "2026-03-07T12:25:29.326438", "query": "大华智能制造厂23-25年营业收入、销项税和经营现金流净额", "company_id": "91330200MA2KYYYYYY", "path": "pipeline", "response_time": 34.035, "thinking_mode": "quick", "response_mode": "detailed", "success": true}
{"timestamp": "2026-03-07T12:26:00.236575", "query": "大华智能制造厂今年各季度总资产、总负债和净利润情况", "company_id": "91330200MA2KYYYYYY", "path": "pipeline", "response_time": 28.639, "thinking_mode": "quick", "response_mode": "detailed", "success": true}
{"timestamp": "2026-03-07T12:26:49.679073", "query": "大华智能制造厂去年每月采购发票金额、销售发票金额和营业成本", "company_id": "91330200MA2KYYYYYY", "path": "pipeline", "response_time": 47.129, "thinking_mode": "quick", "response_mode": "detailed", "success": true}
{"timestamp": "2026-03-07T12:26:53.676828", "query": "大华智能制造厂今年5月的销售收现、营业收入和应收账款余额的比值？", "company_id": "91330200MA2KYYYYYY", "path": "pipeline", "response_time": 34.889, "thinking_mode": "quick", "response_mode": "detailed", "success": true}
{"timestamp": "2026-03-07T12:27:13.356831", "query": "大华智能制造厂今年每月银行存款余额、应收账款余额和短期借款余额", "company_id": "91330200MA2KYYYYYY", "path": "pipeline", "response_time": 21.393, "thinking_mode": "quick", "response_mode": "detailed", "success": true}
{"timestamp": "2026-03-07T12:27:42.621796", "query": "大华智能制造厂25年第四季度的采购金额、销售金额、存货增加额和经营现金流出的关系？", "company_id": "91330200MA2KYYYYYY", "path": "pipeline", "response_time": 46.532, "thinking_mode": "quick", "response_mode": "detailed", "success": true}
{"timestamp": "2026-03-07T12:28:00.874621", "query": "大华智能制造厂去年各季度应纳所得税额、利润总额和支付的各项税费", "company_id": "91330200MA2KYYYYYY", "path": "pipeline", "response_time": 45.239, "thinking_mode": "quick", "response_mode": "detailed", "success": true}
{"timestamp": "2026-03-07T12:28:18.541589", "query": "大华智能制造厂2023-25年毛利率、资产负债率和营业收入", "company_id": "91330200MA2KYYYYYY", "path": "pipeline", "response_time": 15.383, "thinking_mode": "quick", "response_mode": "detailed", "success": true}
{"timestamp": "2026-03-07T12:28:34.542718", "query": "大华智能制造厂去年12月的（银行存款余额 + 应收账款余额 - 短期借款余额）与（销项税额 + 进项税额）的比值？", "company_id": "91330200MA2KYYYYYY", "path": "pipeline", "response_time": 49.539, "thinking_mode": "quick", "response_mode": "detailed", "success": true}
{"timestamp": "2026-03-07T12:28:57.283006", "query": "大华智能制造厂去年每月销售收现、营业收入和应收账款余额", "company_id": "91330200MA2KYYYYYY", "path": "pipeline", "response_time": 36.463, "thinking_mode": "quick", "response_mode": "detailed", "success": true}
{"timestamp": "2026-03-07T12:29:39.335469", "query": "大华智能制造厂今年每月的进项税与销项税之比", "company_id": "91330200MA2KYYYYYY", "path": "l1", "response_time": 0.028, "thinking_mode": "quick", "response_mode": "detailed", "success": true}
{"timestamp": "2026-03-07T12:29:41.751682", "query": "大华智能制造厂去年各季度所得税费用占利润总额的比例", "company_id": "91330200MA2KYYYYYY", "path": "l1", "response_time": 0.03, "thinking_mode": "quick", "response_mode": "detailed", "success": true}
{"timestamp": "2026-03-07T12:29:51.418283", "query": "大华智能制造厂今年各月进项税额、销项税额和应交增值税", "company_id": "91330200MA2KYYYYYY", "path": "pipeline", "response_time": 51.872, "thinking_mode": "quick", "response_mode": "detailed", "success": true}
{"timestamp": "2026-03-07T12:29:59.707593", "query": "大华智能制造厂今年每月末的银行存款余额占当月营业收入的比重", "company_id": "91330200MA2KYYYYYY", "path": "pipeline", "response_time": 15.565, "thinking_mode": "quick", "response_mode": "detailed", "success": true}
{"timestamp": "2026-03-07T12:30:17.604971", "query": "大华智能制造厂今年每月销项税占营业收入的比例", "company_id": "91330200MA2KYYYYYY", "path": "pipeline", "response_time": 15.495, "thinking_mode": "quick", "response_mode": "detailed", "success": true}
{"timestamp": "2026-03-07T12:30:35.682956", "query": "大华智能制造厂去年各月所得税费用与经营现金流净额的比率", "company_id": "91330200MA2KYYYYYY", "path": "pipeline", "response_time": 15.683, "thinking_mode": "quick", "response_mode": "detailed", "success": true}
{"timestamp": "2026-03-07T12:31:37.798146", "query": "大华智能制造厂去年各月的（销项税额 - 进项税额）与应纳税额的比值", "company_id": "91330200MA2KYYYYYY", "path": "pipeline", "response_time": 59.736, "thinking_mode": "quick", "response_mode": "detailed", "success": true}
{"timestamp": "2026-03-07T12:31:45.158475", "query": "大华智能制造厂今年各季度的营业收入、营业成本、利润总额、所得税费用、经营活动现金流净额、投资活动现金流净额、资产总计、负债合计、应交增值税、进项税额", "company_id": "91330200MA2KYYYYYY", "path": "pipeline", "response_time": 49.199, "thinking_mode": "quick", "response_mode": "detailed", "success": true}
{"timestamp": "2026-03-07T12:32:01.935883", "query": "大华智能制造厂今年各月的销售收现、营业收入和应收账款余额的比值", "company_id": "91330200MA2KYYYYYY", "path": "pipeline", "response_time": 21.743, "thinking_mode": "quick", "response_mode": "detailed", "success": true}
{"timestamp": "2026-03-07T12:32:49.775479", "query": "大华智能制造厂去年各季度的采购金额、销售金额、存货增加额和经营现金流出的关系", "company_id": "91330200MA2KYYYYYY", "path": "pipeline", "response_time": 45.436, "thinking_mode": "quick", "response_mode": "detailed", "success": true}
{"timestamp": "2026-03-07T12:33:08.859103", "query": "大华智能制造厂今年各月的（银行存款余额 + 应收账款余额 - 短期借款余额）与（销项税额 + 进项税额）的比值", "company_id": "91330200MA2KYYYYYY", "path": "pipeline", "response_time": 16.74, "thinking_mode": "quick", "response_mode": "detailed", "success": true}
{"timestamp": "2026-03-07T12:33:28.719973", "query": "大华智能制造厂去年各月的（所得税费用 + 增值税应纳税额）与利润总额的比值", "company_id": "91330200MA2KYYYYYY", "path": "pipeline", "response_time": 17.495, "thinking_mode": "quick", "response_mode": "detailed", "success": true}
{"timestamp": "2026-03-07T12:33:31.150831", "query": "大华智能制造厂23-25年营业收入、销项税和经营现金流净额", "company_id": "91330200MA2KYYYYYY", "path": "l1", "response_time": 0.031, "thinking_mode": "quick", "response_mode": "detailed", "success": true}
{"timestamp": "2026-03-07T12:33:33.583596", "query": "大华智能制造厂今年各季度总资产、总负债和净利润情况", "company_id": "91330200MA2KYYYYYY", "path": "l1", "response_time": 0.008, "thinking_mode": "quick", "response_mode": "detailed", "success": true}
{"timestamp": "2026-03-07T12:33:35.977480", "query": "大华智能制造厂去年每月采购发票金额、销售发票金额和营业成本", "company_id": "91330200MA2KYYYYYY", "path": "l1", "response_time": 0.004, "thinking_mode": "quick", "response_mode": "detailed", "success": true}
{"timestamp": "2026-03-07T12:33:38.368393", "query": "大华智能制造厂今年每月银行存款余额、应收账款余额和短期借款余额", "company_id": "91330200MA2KYYYYYY", "path": "l1", "response_time": 0.012, "thinking_mode": "quick", "response_mode": "detailed", "success": true}
{"timestamp": "2026-03-07T12:33:40.758712", "query": "大华智能制造厂去年各季度应纳所得税额、利润总额和支付的各项税费", "company_id": "91330200MA2KYYYYYY", "path": "l1", "response_time": 0.021, "thinking_mode": "quick", "response_mode": "detailed", "success": true}
{"timestamp": "2026-03-07T12:33:43.136476", "query": "大华智能制造厂2023-25年毛利率、资产负债率和营业收入", "company_id": "91330200MA2KYYYYYY", "path": "l1", "response_time": 0.009, "thinking_mode": "quick", "response_mode": "detailed", "success": true}
{"timestamp": "2026-03-07T12:33:45.530827", "query": "大华智能制造厂去年每月销售收现、营业收入和应收账款余额", "company_id": "91330200MA2KYYYYYY", "path": "l1", "response_time": 0.011, "thinking_mode": "quick", "response_mode": "detailed", "success": true}
{"timestamp": "2026-03-07T12:33:47.929538", "query": "大华智能制造厂今年各月进项税额、销项税额和应交增值税", "company_id": "91330200MA2KYYYYYY", "path": "l1", "response_time": 0.024, "thinking_mode": "quick", "response_mode": "detailed", "success": true}
{"timestamp": "2026-03-07T12:33:50.308003", "query": "大华智能制造厂去年各月的营业收入、净利润、经营活动现金流净额、资产总计、销项税额、应纳所得税额", "company_id": "91330200MA2KYYYYYY", "path": "l1", "response_time": 0.021, "thinking_mode": "quick", "response_mode": "detailed", "success": true}
{"timestamp": "2026-03-07T12:33:52.714892", "query": "大华智能制造厂今年各季度的营业收入、营业成本、利润总额、所得税费用、经营活动现金流净额、投资活动现金流净额、资产总计、负债合计、应交增值税、进项税额", "company_id": "91330200MA2KYYYYYY", "path": "l1", "response_time": 0.014, "thinking_mode": "quick", "response_mode": "detailed", "success": true}
{"timestamp": "2026-03-07T13:23:28.304291", "query": "TSE科技有限公司去年年底的银行存款余额还有多少？", "company_id": "91310115MA2KZZZZZZ", "path": "l1", "response_time": 0.122, "thinking_mode": "quick", "response_mode": "detailed", "success": true}
{"timestamp": "2026-03-07T13:23:32.982007", "query": "TSE科技有限公司今年3月底的应收账款有多少？", "company_id": "91310115MA2KZZZZZZ", "path": "l1", "response_time": 0.004, "thinking_mode": "quick", "response_mode": "detailed", "success": true}
{"timestamp": "2026-03-07T13:23:37.636960", "query": "TSE科技有限公司上个月的净利润是多少？", "company_id": "91310115MA2KZZZZZZ", "path": "l1", "response_time": 0.007, "thinking_mode": "quick", "response_mode": "detailed", "success": true}
{"timestamp": "2026-03-07T13:23:42.319089", "query": "TSE科技有限公司去年12月的销项税", "company_id": "91310115MA2KZZZZZZ", "path": "l1", "response_time": 0.004, "thinking_mode": "quick", "response_mode": "detailed", "success": true}
{"timestamp": "2026-03-07T13:23:46.974314", "query": "TSE科技有限公司2023年汇算清缴的应纳税所得额", "company_id": "91310115MA2KZZZZZZ", "path": "l1", "response_time": 0.005, "thinking_mode": "quick", "response_mode": "detailed", "success": true}
{"timestamp": "2026-03-07T13:23:51.616223", "query": "TSE科技有限公司去年年底的资产负债率是多少？", "company_id": "91310115MA2KZZZZZZ", "path": "l1", "response_time": 0.003, "thinking_mode": "quick", "response_mode": "detailed", "success": true}
{"timestamp": "2026-03-07T13:23:56.229997", "query": "TSE科技有限公司上个月进项税和销项税的比例是多少？", "company_id": "91310115MA2KZZZZZZ", "path": "l1", "response_time": 0.002, "thinking_mode": "quick", "response_mode": "detailed", "success": true}
{"timestamp": "2026-03-07T13:24:00.802410", "query": "TSE科技有限公司今年一季度的所得税费用占利润总额的比重？", "company_id": "91310115MA2KZZZZZZ", "path": "l1", "response_time": 0.006, "thinking_mode": "quick", "response_mode": "detailed", "success": true}
{"timestamp": "2026-03-07T13:24:05.401666", "query": "TSE科技有限公司23-25年营业收入、销项税和经营现金流净额", "company_id": "91310115MA2KZZZZZZ", "path": "l1", "response_time": 0.028, "thinking_mode": "quick", "response_mode": "detailed", "success": true}
{"timestamp": "2026-03-07T13:24:10.044570", "query": "TSE科技有限公司今年各季度总资产、总负债和净利润情况", "company_id": "91310115MA2KZZZZZZ", "path": "l1", "response_time": 0.007, "thinking_mode": "quick", "response_mode": "detailed", "success": true}
{"timestamp": "2026-03-07T13:24:14.667928", "query": "大华智能制造厂去年年底的银行存款余额还有多少？", "company_id": "91330200MA2KYYYYYY", "path": "l1", "response_time": 0.003, "thinking_mode": "quick", "response_mode": "detailed", "success": true}
{"timestamp": "2026-03-07T13:24:19.259814", "query": "大华智能制造厂今年3月底的应收账款有多少？", "company_id": "91330200MA2KYYYYYY", "path": "l1", "response_time": 0.005, "thinking_mode": "quick", "response_mode": "detailed", "success": true}
{"timestamp": "2026-03-07T13:24:23.902895", "query": "大华智能制造厂上个月的净利润是多少？", "company_id": "91330200MA2KYYYYYY", "path": "l1", "response_time": 0.005, "thinking_mode": "quick", "response_mode": "detailed", "success": true}
{"timestamp": "2026-03-07T13:24:28.507972", "query": "大华智能制造厂去年12月的销项税", "company_id": "91330200MA2KYYYYYY", "path": "l1", "response_time": 0.004, "thinking_mode": "quick", "response_mode": "detailed", "success": true}
{"timestamp": "2026-03-07T13:24:33.143028", "query": "大华智能制造厂2023年汇算清缴的应纳税所得额", "company_id": "91330200MA2KYYYYYY", "path": "l1", "response_time": 0.003, "thinking_mode": "quick", "response_mode": "detailed", "success": true}
{"timestamp": "2026-03-07T13:24:37.706895", "query": "大华智能制造厂去年年底的资产负债率是多少？", "company_id": "91330200MA2KYYYYYY", "path": "l1", "response_time": 0.004, "thinking_mode": "quick", "response_mode": "detailed", "success": true}
{"timestamp": "2026-03-07T13:24:42.353704", "query": "大华智能制造厂上个月进项税和销项税的比例是多少？", "company_id": "91330200MA2KYYYYYY", "path": "l1", "response_time": 0.004, "thinking_mode": "quick", "response_mode": "detailed", "success": true}
{"timestamp": "2026-03-07T13:24:46.985825", "query": "大华智能制造厂今年一季度的所得税费用占利润总额的比重？", "company_id": "91330200MA2KYYYYYY", "path": "l1", "response_time": 0.005, "thinking_mode": "quick", "response_mode": "detailed", "success": true}
{"timestamp": "2026-03-07T13:24:51.659149", "query": "大华智能制造厂23-25年营业收入、销项税和经营现金流净额", "company_id": "91330200MA2KYYYYYY", "path": "l1", "response_time": 0.032, "thinking_mode": "quick", "response_mode": "detailed", "success": true}
{"timestamp": "2026-03-07T13:24:56.336054", "query": "大华智能制造厂今年各季度总资产、总负债和净利润情况", "company_id": "91330200MA2KYYYYYY", "path": "l1", "response_time": 0.011, "thinking_mode": "quick", "response_mode": "detailed", "success": true}
{"timestamp": "2026-03-07T13:29:08.721097", "query": "今年各季度总资产、总负债和净利润情况", "company_id": "91310115MA2KZZZZZZ", "path": "pipeline", "response_time": 22.37, "thinking_mode": "quick", "response_mode": "detailed", "success": true}
