Traceback (most recent call last):
  File "D:\fintax_ai\scripts\auto_fix_database.py", line 43, in execute_sql_script
    cursor.executescript(sql_script)
    ~~~~~~~~~~~~~~~~~~~~^^^^^^^^^^^^
sqlite3.OperationalError: no such column: period_year
======================================================================
FINTAX AI DATABASE FIX AND SUPPLEMENT (AUTO MODE)
======================================================================

This script will:
1. Create database backup
2. Delete future data (2026-04 onwards)
3. Add 2 new taxpayers
4. Generate sample data (2023-01 to 2026-03)
5. Update financial metrics
6. Validate data quality

======================================================================

======================================================================
STEP 0: Backup Database
======================================================================

Creating database backup: database/fintax_ai_backup_20260308_194733.db
✓ Backup created successfully

======================================================================
STEP 1: Delete Future Data and Add New Taxpayers
======================================================================

Executing SQL script: fix_and_supplement_data.sql
----------------------------------------------------------------------
✗ Error executing SQL script: no such column: period_year

✗ Failed to execute SQL script. Aborting.
